2023-11-30 16:53:17,245 [http-bio-8080-exec-1] ERROR StackTrace  - Full Stack Trace:
org.codehaus.groovy.control.MultipleCompilationErrorsException: startup failed:
/home/sofs4/Projects/TekDays.com/grails-app/conf/BootStrap.groovy: 4: unable to resolve class TekEvent 
 @ line 4, column 22.
           def event1 = new TekEvent(name: 'Gateway Code Camp',
                        ^

/home/sofs4/Projects/TekDays.com/grails-app/conf/BootStrap.groovy: 22: unable to resolve class TekEvent 
 @ line 22, column 22.
           def event2 = new TekEvent(name: 'Perl Before Swine',
                        ^

2 errors

	at org.codehaus.groovy.control.ErrorCollector.failIfErrors(ErrorCollector.java:310)
	at org.codehaus.groovy.control.CompilationUnit.applyToSourceUnits(CompilationUnit.java:958)
	at org.codehaus.groovy.control.CompilationUnit.doPhaseOperation(CompilationUnit.java:605)
	at org.codehaus.groovy.control.CompilationUnit.compile(CompilationUnit.java:554)
	at org.codehaus.groovy.control.CompilationUnit.compile(CompilationUnit.java:537)
	at org.codehaus.groovy.tools.FileSystemCompiler.compile(FileSystemCompiler.java:61)
	at org.codehaus.groovy.tools.FileSystemCompiler.doCompilation(FileSystemCompiler.java:217)
	at org.codehaus.groovy.ant.Groovyc.runCompiler(Groovyc.java:1165)
	at org.codehaus.groovy.ant.Groovyc.compile(Groovyc.java:1216)
	at org.codehaus.groovy.grails.compiler.Grailsc.compile(Grailsc.java:78)
	at org.codehaus.groovy.ant.Groovyc.execute(Groovyc.java:831)
	at org.apache.tools.ant.UnknownElement.execute(UnknownElement.java:292)
	at sun.reflect.GeneratedMethodAccessor305.invoke(Unknown Source)
	at sun.reflect.DelegatingMethodAccessorImpl.invoke(DelegatingMethodAccessorImpl.java:43)
	at java.lang.reflect.Method.invoke(Method.java:498)
	at org.springsource.loaded.ri.ReflectiveInterceptor.jlrMethodInvoke(ReflectiveInterceptor.java:1432)
	at org.apache.tools.ant.dispatch.DispatchUtils.execute(DispatchUtils.java:106)
	at groovy.util.AntBuilder.performTask(AntBuilder.java:327)
	at groovy.util.AntBuilder.nodeCompleted(AntBuilder.java:272)
	at groovy.util.BuilderSupport.doInvokeMethod(BuilderSupport.java:154)
	at groovy.util.AntBuilder.doInvokeMethod(AntBuilder.java:207)
	at groovy.util.BuilderSupport.invokeMethod(BuilderSupport.java:67)
	at org.codehaus.groovy.runtime.callsite.PogoMetaClassSite.call(PogoMetaClassSite.java:48)
	at org.codehaus.groovy.runtime.callsite.AbstractCallSite.call(AbstractCallSite.java:133)
	at org.codehaus.groovy.grails.project.compiler.GrailsProjectCompiler.compile(GrailsProjectCompiler.groovy:300)
	at org.codehaus.groovy.grails.project.compiler.GrailsProjectCompiler$compile$1.callCurrent(Unknown Source)
	at org.codehaus.groovy.grails.project.compiler.GrailsProjectCompiler.compile(GrailsProjectCompiler.groovy:265)
	at org.codehaus.groovy.grails.project.compiler.GrailsProjectCompiler.compileAll(GrailsProjectCompiler.groovy:256)
	at org.codehaus.groovy.grails.project.compiler.GrailsProjectWatcher.compileIfSource(GrailsProjectWatcher.java:262)
	at org.codehaus.groovy.grails.project.compiler.GrailsProjectWatcher.access$300(GrailsProjectWatcher.java:48)
	at org.codehaus.groovy.grails.project.compiler.GrailsProjectWatcher$1.onChange(GrailsProjectWatcher.java:136)
	at org.codehaus.groovy.grails.compiler.AbstractDirectoryWatcher.fireOnChange(AbstractDirectoryWatcher.java:70)
	at org.codehaus.groovy.grails.compiler.WatchServiceDirectoryWatcher.run(WatchServiceDirectoryWatcher.java:106)
	at org.codehaus.groovy.grails.compiler.DirectoryWatcher.run(DirectoryWatcher.java:154)
	at org.codehaus.groovy.grails.project.compiler.GrailsProjectWatcher.run(GrailsProjectWatcher.java:161)
	at java_lang_Runnable$run.call(Unknown Source)
	at org.codehaus.groovy.runtime.callsite.CallSiteArray.defaultCall(CallSiteArray.java:48)
	at org.codehaus.groovy.runtime.callsite.AbstractCallSite.call(AbstractCallSite.java:113)
	at org.codehaus.groovy.runtime.callsite.AbstractCallSite.call(AbstractCallSite.java:117)
	at org.codehaus.groovy.grails.cli.fork.ForkedGrailsProcess.startProjectWatcher(ForkedGrailsProcess.groovy:748)
	at sun.reflect.NativeMethodAccessorImpl.invoke0(Native Method)
	at sun.reflect.NativeMethodAccessorImpl.invoke(NativeMethodAccessorImpl.java:62)
	at sun.reflect.DelegatingMethodAccessorImpl.invoke(DelegatingMethodAccessorImpl.java:43)
	at java.lang.reflect.Method.invoke(Method.java:498)
	at org.springsource.loaded.ri.ReflectiveInterceptor.jlrMethodInvoke(ReflectiveInterceptor.java:1426)
	at org.codehaus.groovy.reflection.CachedMethod.invoke(CachedMethod.java:93)
	at groovy.lang.MetaMethod.doMethodInvoke(MetaMethod.java:325)
	at groovy.lang.MetaClassImpl.invokeMethod(MetaClassImpl.java:1218)
	at groovy.lang.MetaClassImpl.invokeMethod(MetaClassImpl.java:1027)
	at groovy.lang.MetaClassImpl.invokeMethod(MetaClassImpl.java:1163)
	at groovy.lang.ExpandoMetaClass.invokeMethod(ExpandoMetaClass.java:1125)
	at groovy.lang.MetaClassImpl.invokeMethod(MetaClassImpl.java:1027)
	at org.codehaus.groovy.runtime.callsite.PogoMetaClassSite.callCurrent(PogoMetaClassSite.java:69)
	at org.codehaus.groovy.runtime.callsite.CallSiteArray.defaultCallCurrent(CallSiteArray.java:52)
	at org.codehaus.groovy.runtime.callsite.AbstractCallSite.callCurrent(AbstractCallSite.java:154)
	at org.codehaus.groovy.runtime.callsite.AbstractCallSite.callCurrent(AbstractCallSite.java:174)
	at org.codehaus.groovy.grails.cli.fork.ForkedGrailsProcess$_setupReloading_closure17.doCall(ForkedGrailsProcess.groovy:737)
	at org.codehaus.groovy.grails.cli.fork.ForkedGrailsProcess$_setupReloading_closure17.doCall(ForkedGrailsProcess.groovy)
	at sun.reflect.NativeMethodAccessorImpl.invoke0(Native Method)
	at sun.reflect.NativeMethodAccessorImpl.invoke(NativeMethodAccessorImpl.java:62)
	at sun.reflect.DelegatingMethodAccessorImpl.invoke(DelegatingMethodAccessorImpl.java:43)
	at java.lang.reflect.Method.invoke(Method.java:498)
	at org.springsource.loaded.ri.ReflectiveInterceptor.jlrMethodInvoke(ReflectiveInterceptor.java:1426)
	at org.codehaus.groovy.reflection.CachedMethod.invoke(CachedMethod.java:93)
	at groovy.lang.MetaMethod.doMethodInvoke(MetaMethod.java:325)
	at groovy.lang.MetaClassImpl.invokeMethod(MetaClassImpl.java:1218)
	at groovy.lang.ExpandoMetaClass.invokeMethod(ExpandoMetaClass.java:1125)
	at groovy.lang.MetaClassImpl.invokeMethod(MetaClassImpl.java:1027)
	at groovy.lang.Closure.call(Closure.java:414)
	at groovy.lang.Closure.call(Closure.java:408)
	at groovy.lang.Closure.run(Closure.java:495)
	at java.lang.Thread.run(Thread.java:748)
2023-11-30 16:53:17,246 [http-bio-8080-exec-1] ERROR StackTrace  - Full Stack Trace:
org.codehaus.groovy.control.MultipleCompilationErrorsException: startup failed:
/home/sofs4/Projects/TekDays.com/grails-app/conf/BootStrap.groovy: 4: unable to resolve class TekEvent 
 @ line 4, column 22.
           def event1 = new TekEvent(name: 'Gateway Code Camp',
                        ^

/home/sofs4/Projects/TekDays.com/grails-app/conf/BootStrap.groovy: 22: unable to resolve class TekEvent 
 @ line 22, column 22.
           def event2 = new TekEvent(name: 'Perl Before Swine',
                        ^

2 errors

	at org.codehaus.groovy.control.ErrorCollector.failIfErrors(ErrorCollector.java:310)
	at org.codehaus.groovy.control.CompilationUnit.applyToSourceUnits(CompilationUnit.java:958)
	at org.codehaus.groovy.control.CompilationUnit.doPhaseOperation(CompilationUnit.java:605)
	at org.codehaus.groovy.control.CompilationUnit.compile(CompilationUnit.java:554)
	at org.codehaus.groovy.control.CompilationUnit.compile(CompilationUnit.java:537)
	at org.codehaus.groovy.tools.FileSystemCompiler.compile(FileSystemCompiler.java:61)
	at org.codehaus.groovy.tools.FileSystemCompiler.doCompilation(FileSystemCompiler.java:217)
	at org.codehaus.groovy.ant.Groovyc.runCompiler(Groovyc.java:1165)
	at org.codehaus.groovy.ant.Groovyc.compile(Groovyc.java:1216)
	at org.codehaus.groovy.ant.Groovyc.execute(Groovyc.java:831)
	at org.apache.tools.ant.UnknownElement.execute(UnknownElement.java:292)
	at org.apache.tools.ant.dispatch.DispatchUtils.execute(DispatchUtils.java:106)
	at java.lang.Thread.run(Thread.java:748)
2023-11-30 16:53:17,266 [http-bio-8080-exec-1] ERROR StackTrace  - Full Stack Trace:
org.codehaus.groovy.control.MultipleCompilationErrorsException: startup failed:
/home/sofs4/Projects/TekDays.com/grails-app/conf/BootStrap.groovy: 4: unable to resolve class TekEvent 
 @ line 4, column 22.
           def event1 = new TekEvent(name: 'Gateway Code Camp',
                        ^

/home/sofs4/Projects/TekDays.com/grails-app/conf/BootStrap.groovy: 22: unable to resolve class TekEvent 
 @ line 22, column 22.
           def event2 = new TekEvent(name: 'Perl Before Swine',
                        ^

2 errors

	at org.codehaus.groovy.control.ErrorCollector.failIfErrors(ErrorCollector.java:310)
	at org.codehaus.groovy.control.CompilationUnit.applyToSourceUnits(CompilationUnit.java:958)
	at org.codehaus.groovy.control.CompilationUnit.doPhaseOperation(CompilationUnit.java:605)
	at org.codehaus.groovy.control.CompilationUnit.compile(CompilationUnit.java:554)
	at org.codehaus.groovy.control.CompilationUnit.compile(CompilationUnit.java:537)
	at org.codehaus.groovy.tools.FileSystemCompiler.compile(FileSystemCompiler.java:61)
	at org.codehaus.groovy.tools.FileSystemCompiler.doCompilation(FileSystemCompiler.java:217)
	at org.codehaus.groovy.ant.Groovyc.runCompiler(Groovyc.java:1165)
	at org.codehaus.groovy.ant.Groovyc.compile(Groovyc.java:1216)
	at org.codehaus.groovy.ant.Groovyc.execute(Groovyc.java:831)
	at org.apache.tools.ant.UnknownElement.execute(UnknownElement.java:292)
	at org.apache.tools.ant.dispatch.DispatchUtils.execute(DispatchUtils.java:106)
	at java.lang.Thread.run(Thread.java:748)
2023-11-30 16:53:17,266 [http-bio-8080-exec-1] ERROR StackTrace  - Full Stack Trace:
org.codehaus.groovy.control.MultipleCompilationErrorsException: startup failed:
/home/sofs4/Projects/TekDays.com/grails-app/conf/BootStrap.groovy: 4: unable to resolve class TekEvent 
 @ line 4, column 22.
           def event1 = new TekEvent(name: 'Gateway Code Camp',
                        ^

/home/sofs4/Projects/TekDays.com/grails-app/conf/BootStrap.groovy: 22: unable to resolve class TekEvent 
 @ line 22, column 22.
           def event2 = new TekEvent(name: 'Perl Before Swine',
                        ^

2 errors

	at org.codehaus.groovy.control.ErrorCollector.failIfErrors(ErrorCollector.java:310)
	at org.codehaus.groovy.control.CompilationUnit.applyToSourceUnits(CompilationUnit.java:958)
	at org.codehaus.groovy.control.CompilationUnit.doPhaseOperation(CompilationUnit.java:605)
	at org.codehaus.groovy.control.CompilationUnit.compile(CompilationUnit.java:554)
	at org.codehaus.groovy.control.CompilationUnit.compile(CompilationUnit.java:537)
	at org.codehaus.groovy.tools.FileSystemCompiler.compile(FileSystemCompiler.java:61)
	at org.codehaus.groovy.tools.FileSystemCompiler.doCompilation(FileSystemCompiler.java:217)
	at org.codehaus.groovy.ant.Groovyc.runCompiler(Groovyc.java:1165)
	at org.codehaus.groovy.ant.Groovyc.compile(Groovyc.java:1216)
	at org.codehaus.groovy.ant.Groovyc.execute(Groovyc.java:831)
	at org.apache.tools.ant.UnknownElement.execute(UnknownElement.java:292)
	at org.apache.tools.ant.dispatch.DispatchUtils.execute(DispatchUtils.java:106)
	at java.lang.Thread.run(Thread.java:748)
2023-11-30 16:54:30,842 [http-bio-8080-exec-4] ERROR StackTrace  - Full Stack Trace:
org.codehaus.groovy.control.MultipleCompilationErrorsException: startup failed:
/home/sofs4/Projects/TekDays.com/grails-app/conf/BootStrap.groovy: 4: unable to resolve class TekEvent 
 @ line 4, column 22.
           def event1 = new TekEvent(name: 'Gateway Code Camp',
                        ^

/home/sofs4/Projects/TekDays.com/grails-app/conf/BootStrap.groovy: 22: unable to resolve class TekEvent 
 @ line 22, column 22.
           def event2 = new TekEvent(name: 'Perl Before Swine',
                        ^

2 errors

	at org.codehaus.groovy.control.ErrorCollector.failIfErrors(ErrorCollector.java:310)
	at org.codehaus.groovy.control.CompilationUnit.applyToSourceUnits(CompilationUnit.java:958)
	at org.codehaus.groovy.control.CompilationUnit.doPhaseOperation(CompilationUnit.java:605)
	at org.codehaus.groovy.control.CompilationUnit.compile(CompilationUnit.java:554)
	at org.codehaus.groovy.control.CompilationUnit.compile(CompilationUnit.java:537)
	at org.codehaus.groovy.tools.FileSystemCompiler.compile(FileSystemCompiler.java:61)
	at org.codehaus.groovy.tools.FileSystemCompiler.doCompilation(FileSystemCompiler.java:217)
	at org.codehaus.groovy.ant.Groovyc.runCompiler(Groovyc.java:1165)
	at org.codehaus.groovy.ant.Groovyc.compile(Groovyc.java:1216)
	at org.codehaus.groovy.ant.Groovyc.execute(Groovyc.java:831)
	at org.apache.tools.ant.UnknownElement.execute(UnknownElement.java:292)
	at org.apache.tools.ant.dispatch.DispatchUtils.execute(DispatchUtils.java:106)
	at java.lang.Thread.run(Thread.java:748)
2023-11-30 16:54:30,842 [http-bio-8080-exec-4] ERROR StackTrace  - Full Stack Trace:
org.codehaus.groovy.control.MultipleCompilationErrorsException: startup failed:
/home/sofs4/Projects/TekDays.com/grails-app/conf/BootStrap.groovy: 4: unable to resolve class TekEvent 
 @ line 4, column 22.
           def event1 = new TekEvent(name: 'Gateway Code Camp',
                        ^

/home/sofs4/Projects/TekDays.com/grails-app/conf/BootStrap.groovy: 22: unable to resolve class TekEvent 
 @ line 22, column 22.
           def event2 = new TekEvent(name: 'Perl Before Swine',
                        ^

2 errors

	at org.codehaus.groovy.control.ErrorCollector.failIfErrors(ErrorCollector.java:310)
	at org.codehaus.groovy.control.CompilationUnit.applyToSourceUnits(CompilationUnit.java:958)
	at org.codehaus.groovy.control.CompilationUnit.doPhaseOperation(CompilationUnit.java:605)
	at org.codehaus.groovy.control.CompilationUnit.compile(CompilationUnit.java:554)
	at org.codehaus.groovy.control.CompilationUnit.compile(CompilationUnit.java:537)
	at org.codehaus.groovy.tools.FileSystemCompiler.compile(FileSystemCompiler.java:61)
	at org.codehaus.groovy.tools.FileSystemCompiler.doCompilation(FileSystemCompiler.java:217)
	at org.codehaus.groovy.ant.Groovyc.runCompiler(Groovyc.java:1165)
	at org.codehaus.groovy.ant.Groovyc.compile(Groovyc.java:1216)
	at org.codehaus.groovy.ant.Groovyc.execute(Groovyc.java:831)
	at org.apache.tools.ant.UnknownElement.execute(UnknownElement.java:292)
	at org.apache.tools.ant.dispatch.DispatchUtils.execute(DispatchUtils.java:106)
	at java.lang.Thread.run(Thread.java:748)
2023-11-30 16:54:30,844 [http-bio-8080-exec-4] ERROR StackTrace  - Full Stack Trace:
org.codehaus.groovy.control.MultipleCompilationErrorsException: startup failed:
/home/sofs4/Projects/TekDays.com/grails-app/conf/BootStrap.groovy: 4: unable to resolve class TekEvent 
 @ line 4, column 22.
           def event1 = new TekEvent(name: 'Gateway Code Camp',
                        ^

/home/sofs4/Projects/TekDays.com/grails-app/conf/BootStrap.groovy: 22: unable to resolve class TekEvent 
 @ line 22, column 22.
           def event2 = new TekEvent(name: 'Perl Before Swine',
                        ^

2 errors

	at org.codehaus.groovy.control.ErrorCollector.failIfErrors(ErrorCollector.java:310)
	at org.codehaus.groovy.control.CompilationUnit.applyToSourceUnits(CompilationUnit.java:958)
	at org.codehaus.groovy.control.CompilationUnit.doPhaseOperation(CompilationUnit.java:605)
	at org.codehaus.groovy.control.CompilationUnit.compile(CompilationUnit.java:554)
	at org.codehaus.groovy.control.CompilationUnit.compile(CompilationUnit.java:537)
	at org.codehaus.groovy.tools.FileSystemCompiler.compile(FileSystemCompiler.java:61)
	at org.codehaus.groovy.tools.FileSystemCompiler.doCompilation(FileSystemCompiler.java:217)
	at org.codehaus.groovy.ant.Groovyc.runCompiler(Groovyc.java:1165)
	at org.codehaus.groovy.ant.Groovyc.compile(Groovyc.java:1216)
	at org.codehaus.groovy.ant.Groovyc.execute(Groovyc.java:831)
	at org.apache.tools.ant.UnknownElement.execute(UnknownElement.java:292)
	at org.apache.tools.ant.dispatch.DispatchUtils.execute(DispatchUtils.java:106)
	at java.lang.Thread.run(Thread.java:748)
2023-11-30 16:54:30,844 [http-bio-8080-exec-4] ERROR StackTrace  - Full Stack Trace:
org.codehaus.groovy.control.MultipleCompilationErrorsException: startup failed:
/home/sofs4/Projects/TekDays.com/grails-app/conf/BootStrap.groovy: 4: unable to resolve class TekEvent 
 @ line 4, column 22.
           def event1 = new TekEvent(name: 'Gateway Code Camp',
                        ^

/home/sofs4/Projects/TekDays.com/grails-app/conf/BootStrap.groovy: 22: unable to resolve class TekEvent 
 @ line 22, column 22.
           def event2 = new TekEvent(name: 'Perl Before Swine',
                        ^

2 errors

	at org.codehaus.groovy.control.ErrorCollector.failIfErrors(ErrorCollector.java:310)
	at org.codehaus.groovy.control.CompilationUnit.applyToSourceUnits(CompilationUnit.java:958)
	at org.codehaus.groovy.control.CompilationUnit.doPhaseOperation(CompilationUnit.java:605)
	at org.codehaus.groovy.control.CompilationUnit.compile(CompilationUnit.java:554)
	at org.codehaus.groovy.control.CompilationUnit.compile(CompilationUnit.java:537)
	at org.codehaus.groovy.tools.FileSystemCompiler.compile(FileSystemCompiler.java:61)
	at org.codehaus.groovy.tools.FileSystemCompiler.doCompilation(FileSystemCompiler.java:217)
	at org.codehaus.groovy.ant.Groovyc.runCompiler(Groovyc.java:1165)
	at org.codehaus.groovy.ant.Groovyc.compile(Groovyc.java:1216)
	at org.codehaus.groovy.ant.Groovyc.execute(Groovyc.java:831)
	at org.apache.tools.ant.UnknownElement.execute(UnknownElement.java:292)
	at org.apache.tools.ant.dispatch.DispatchUtils.execute(DispatchUtils.java:106)
	at java.lang.Thread.run(Thread.java:748)
2023-11-30 16:54:43,632 [http-bio-8080-exec-7] ERROR StackTrace  - Full Stack Trace:
org.codehaus.groovy.control.MultipleCompilationErrorsException: startup failed:
/home/sofs4/Projects/TekDays.com/grails-app/conf/BootStrap.groovy: 4: unable to resolve class TekEvent 
 @ line 4, column 22.
           def event1 = new TekEvent(name: 'Gateway Code Camp',
                        ^

/home/sofs4/Projects/TekDays.com/grails-app/conf/BootStrap.groovy: 22: unable to resolve class TekEvent 
 @ line 22, column 22.
           def event2 = new TekEvent(name: 'Perl Before Swine',
                        ^

2 errors

	at org.codehaus.groovy.control.ErrorCollector.failIfErrors(ErrorCollector.java:310)
	at org.codehaus.groovy.control.CompilationUnit.applyToSourceUnits(CompilationUnit.java:958)
	at org.codehaus.groovy.control.CompilationUnit.doPhaseOperation(CompilationUnit.java:605)
	at org.codehaus.groovy.control.CompilationUnit.compile(CompilationUnit.java:554)
	at org.codehaus.groovy.control.CompilationUnit.compile(CompilationUnit.java:537)
	at org.codehaus.groovy.tools.FileSystemCompiler.compile(FileSystemCompiler.java:61)
	at org.codehaus.groovy.tools.FileSystemCompiler.doCompilation(FileSystemCompiler.java:217)
	at org.codehaus.groovy.ant.Groovyc.runCompiler(Groovyc.java:1165)
	at org.codehaus.groovy.ant.Groovyc.compile(Groovyc.java:1216)
	at org.codehaus.groovy.ant.Groovyc.execute(Groovyc.java:831)
	at org.apache.tools.ant.UnknownElement.execute(UnknownElement.java:292)
	at org.apache.tools.ant.dispatch.DispatchUtils.execute(DispatchUtils.java:106)
	at java.lang.Thread.run(Thread.java:748)
2023-11-30 16:54:43,632 [http-bio-8080-exec-7] ERROR StackTrace  - Full Stack Trace:
org.codehaus.groovy.control.MultipleCompilationErrorsException: startup failed:
/home/sofs4/Projects/TekDays.com/grails-app/conf/BootStrap.groovy: 4: unable to resolve class TekEvent 
 @ line 4, column 22.
           def event1 = new TekEvent(name: 'Gateway Code Camp',
                        ^

/home/sofs4/Projects/TekDays.com/grails-app/conf/BootStrap.groovy: 22: unable to resolve class TekEvent 
 @ line 22, column 22.
           def event2 = new TekEvent(name: 'Perl Before Swine',
                        ^

2 errors

	at org.codehaus.groovy.control.ErrorCollector.failIfErrors(ErrorCollector.java:310)
	at org.codehaus.groovy.control.CompilationUnit.applyToSourceUnits(CompilationUnit.java:958)
	at org.codehaus.groovy.control.CompilationUnit.doPhaseOperation(CompilationUnit.java:605)
	at org.codehaus.groovy.control.CompilationUnit.compile(CompilationUnit.java:554)
	at org.codehaus.groovy.control.CompilationUnit.compile(CompilationUnit.java:537)
	at org.codehaus.groovy.tools.FileSystemCompiler.compile(FileSystemCompiler.java:61)
	at org.codehaus.groovy.tools.FileSystemCompiler.doCompilation(FileSystemCompiler.java:217)
	at org.codehaus.groovy.ant.Groovyc.runCompiler(Groovyc.java:1165)
	at org.codehaus.groovy.ant.Groovyc.compile(Groovyc.java:1216)
	at org.codehaus.groovy.ant.Groovyc.execute(Groovyc.java:831)
	at org.apache.tools.ant.UnknownElement.execute(UnknownElement.java:292)
	at org.apache.tools.ant.dispatch.DispatchUtils.execute(DispatchUtils.java:106)
	at java.lang.Thread.run(Thread.java:748)
2023-11-30 16:54:43,634 [http-bio-8080-exec-7] ERROR StackTrace  - Full Stack Trace:
org.codehaus.groovy.control.MultipleCompilationErrorsException: startup failed:
/home/sofs4/Projects/TekDays.com/grails-app/conf/BootStrap.groovy: 4: unable to resolve class TekEvent 
 @ line 4, column 22.
           def event1 = new TekEvent(name: 'Gateway Code Camp',
                        ^

/home/sofs4/Projects/TekDays.com/grails-app/conf/BootStrap.groovy: 22: unable to resolve class TekEvent 
 @ line 22, column 22.
           def event2 = new TekEvent(name: 'Perl Before Swine',
                        ^

2 errors

	at org.codehaus.groovy.control.ErrorCollector.failIfErrors(ErrorCollector.java:310)
	at org.codehaus.groovy.control.CompilationUnit.applyToSourceUnits(CompilationUnit.java:958)
	at org.codehaus.groovy.control.CompilationUnit.doPhaseOperation(CompilationUnit.java:605)
	at org.codehaus.groovy.control.CompilationUnit.compile(CompilationUnit.java:554)
	at org.codehaus.groovy.control.CompilationUnit.compile(CompilationUnit.java:537)
	at org.codehaus.groovy.tools.FileSystemCompiler.compile(FileSystemCompiler.java:61)
	at org.codehaus.groovy.tools.FileSystemCompiler.doCompilation(FileSystemCompiler.java:217)
	at org.codehaus.groovy.ant.Groovyc.runCompiler(Groovyc.java:1165)
	at org.codehaus.groovy.ant.Groovyc.compile(Groovyc.java:1216)
	at org.codehaus.groovy.ant.Groovyc.execute(Groovyc.java:831)
	at org.apache.tools.ant.UnknownElement.execute(UnknownElement.java:292)
	at org.apache.tools.ant.dispatch.DispatchUtils.execute(DispatchUtils.java:106)
	at java.lang.Thread.run(Thread.java:748)
2023-11-30 16:54:43,634 [http-bio-8080-exec-7] ERROR StackTrace  - Full Stack Trace:
org.codehaus.groovy.control.MultipleCompilationErrorsException: startup failed:
/home/sofs4/Projects/TekDays.com/grails-app/conf/BootStrap.groovy: 4: unable to resolve class TekEvent 
 @ line 4, column 22.
           def event1 = new TekEvent(name: 'Gateway Code Camp',
                        ^

/home/sofs4/Projects/TekDays.com/grails-app/conf/BootStrap.groovy: 22: unable to resolve class TekEvent 
 @ line 22, column 22.
           def event2 = new TekEvent(name: 'Perl Before Swine',
                        ^

2 errors

	at org.codehaus.groovy.control.ErrorCollector.failIfErrors(ErrorCollector.java:310)
	at org.codehaus.groovy.control.CompilationUnit.applyToSourceUnits(CompilationUnit.java:958)
	at org.codehaus.groovy.control.CompilationUnit.doPhaseOperation(CompilationUnit.java:605)
	at org.codehaus.groovy.control.CompilationUnit.compile(CompilationUnit.java:554)
	at org.codehaus.groovy.control.CompilationUnit.compile(CompilationUnit.java:537)
	at org.codehaus.groovy.tools.FileSystemCompiler.compile(FileSystemCompiler.java:61)
	at org.codehaus.groovy.tools.FileSystemCompiler.doCompilation(FileSystemCompiler.java:217)
	at org.codehaus.groovy.ant.Groovyc.runCompiler(Groovyc.java:1165)
	at org.codehaus.groovy.ant.Groovyc.compile(Groovyc.java:1216)
	at org.codehaus.groovy.ant.Groovyc.execute(Groovyc.java:831)
	at org.apache.tools.ant.UnknownElement.execute(UnknownElement.java:292)
	at org.apache.tools.ant.dispatch.DispatchUtils.execute(DispatchUtils.java:106)
	at java.lang.Thread.run(Thread.java:748)
2023-11-30 16:54:55,510 [http-bio-8080-exec-13] ERROR StackTrace  - Full Stack Trace:
org.codehaus.groovy.control.MultipleCompilationErrorsException: startup failed:
/home/sofs4/Projects/TekDays.com/grails-app/conf/BootStrap.groovy: 4: unable to resolve class TekEvent 
 @ line 4, column 22.
           def event1 = new TekEvent(name: 'Gateway Code Camp',
                        ^

/home/sofs4/Projects/TekDays.com/grails-app/conf/BootStrap.groovy: 22: unable to resolve class TekEvent 
 @ line 22, column 22.
           def event2 = new TekEvent(name: 'Perl Before Swine',
                        ^

2 errors

	at org.codehaus.groovy.control.ErrorCollector.failIfErrors(ErrorCollector.java:310)
	at org.codehaus.groovy.control.CompilationUnit.applyToSourceUnits(CompilationUnit.java:958)
	at org.codehaus.groovy.control.CompilationUnit.doPhaseOperation(CompilationUnit.java:605)
	at org.codehaus.groovy.control.CompilationUnit.compile(CompilationUnit.java:554)
	at org.codehaus.groovy.control.CompilationUnit.compile(CompilationUnit.java:537)
	at org.codehaus.groovy.tools.FileSystemCompiler.compile(FileSystemCompiler.java:61)
	at org.codehaus.groovy.tools.FileSystemCompiler.doCompilation(FileSystemCompiler.java:217)
	at org.codehaus.groovy.ant.Groovyc.runCompiler(Groovyc.java:1165)
	at org.codehaus.groovy.ant.Groovyc.compile(Groovyc.java:1216)
	at org.codehaus.groovy.ant.Groovyc.execute(Groovyc.java:831)
	at org.apache.tools.ant.UnknownElement.execute(UnknownElement.java:292)
	at org.apache.tools.ant.dispatch.DispatchUtils.execute(DispatchUtils.java:106)
	at java.lang.Thread.run(Thread.java:748)
2023-11-30 16:54:55,510 [http-bio-8080-exec-13] ERROR StackTrace  - Full Stack Trace:
org.codehaus.groovy.control.MultipleCompilationErrorsException: startup failed:
/home/sofs4/Projects/TekDays.com/grails-app/conf/BootStrap.groovy: 4: unable to resolve class TekEvent 
 @ line 4, column 22.
           def event1 = new TekEvent(name: 'Gateway Code Camp',
                        ^

/home/sofs4/Projects/TekDays.com/grails-app/conf/BootStrap.groovy: 22: unable to resolve class TekEvent 
 @ line 22, column 22.
           def event2 = new TekEvent(name: 'Perl Before Swine',
                        ^

2 errors

	at org.codehaus.groovy.control.ErrorCollector.failIfErrors(ErrorCollector.java:310)
	at org.codehaus.groovy.control.CompilationUnit.applyToSourceUnits(CompilationUnit.java:958)
	at org.codehaus.groovy.control.CompilationUnit.doPhaseOperation(CompilationUnit.java:605)
	at org.codehaus.groovy.control.CompilationUnit.compile(CompilationUnit.java:554)
	at org.codehaus.groovy.control.CompilationUnit.compile(CompilationUnit.java:537)
	at org.codehaus.groovy.tools.FileSystemCompiler.compile(FileSystemCompiler.java:61)
	at org.codehaus.groovy.tools.FileSystemCompiler.doCompilation(FileSystemCompiler.java:217)
	at org.codehaus.groovy.ant.Groovyc.runCompiler(Groovyc.java:1165)
	at org.codehaus.groovy.ant.Groovyc.compile(Groovyc.java:1216)
	at org.codehaus.groovy.ant.Groovyc.execute(Groovyc.java:831)
	at org.apache.tools.ant.UnknownElement.execute(UnknownElement.java:292)
	at org.apache.tools.ant.dispatch.DispatchUtils.execute(DispatchUtils.java:106)
	at java.lang.Thread.run(Thread.java:748)
2023-11-30 16:54:55,512 [http-bio-8080-exec-13] ERROR StackTrace  - Full Stack Trace:
org.codehaus.groovy.control.MultipleCompilationErrorsException: startup failed:
/home/sofs4/Projects/TekDays.com/grails-app/conf/BootStrap.groovy: 4: unable to resolve class TekEvent 
 @ line 4, column 22.
           def event1 = new TekEvent(name: 'Gateway Code Camp',
                        ^

/home/sofs4/Projects/TekDays.com/grails-app/conf/BootStrap.groovy: 22: unable to resolve class TekEvent 
 @ line 22, column 22.
           def event2 = new TekEvent(name: 'Perl Before Swine',
                        ^

2 errors

	at org.codehaus.groovy.control.ErrorCollector.failIfErrors(ErrorCollector.java:310)
	at org.codehaus.groovy.control.CompilationUnit.applyToSourceUnits(CompilationUnit.java:958)
	at org.codehaus.groovy.control.CompilationUnit.doPhaseOperation(CompilationUnit.java:605)
	at org.codehaus.groovy.control.CompilationUnit.compile(CompilationUnit.java:554)
	at org.codehaus.groovy.control.CompilationUnit.compile(CompilationUnit.java:537)
	at org.codehaus.groovy.tools.FileSystemCompiler.compile(FileSystemCompiler.java:61)
	at org.codehaus.groovy.tools.FileSystemCompiler.doCompilation(FileSystemCompiler.java:217)
	at org.codehaus.groovy.ant.Groovyc.runCompiler(Groovyc.java:1165)
	at org.codehaus.groovy.ant.Groovyc.compile(Groovyc.java:1216)
	at org.codehaus.groovy.ant.Groovyc.execute(Groovyc.java:831)
	at org.apache.tools.ant.UnknownElement.execute(UnknownElement.java:292)
	at org.apache.tools.ant.dispatch.DispatchUtils.execute(DispatchUtils.java:106)
	at java.lang.Thread.run(Thread.java:748)
2023-11-30 16:54:55,512 [http-bio-8080-exec-13] ERROR StackTrace  - Full Stack Trace:
org.codehaus.groovy.control.MultipleCompilationErrorsException: startup failed:
/home/sofs4/Projects/TekDays.com/grails-app/conf/BootStrap.groovy: 4: unable to resolve class TekEvent 
 @ line 4, column 22.
           def event1 = new TekEvent(name: 'Gateway Code Camp',
                        ^

/home/sofs4/Projects/TekDays.com/grails-app/conf/BootStrap.groovy: 22: unable to resolve class TekEvent 
 @ line 22, column 22.
           def event2 = new TekEvent(name: 'Perl Before Swine',
                        ^

2 errors

	at org.codehaus.groovy.control.ErrorCollector.failIfErrors(ErrorCollector.java:310)
	at org.codehaus.groovy.control.CompilationUnit.applyToSourceUnits(CompilationUnit.java:958)
	at org.codehaus.groovy.control.CompilationUnit.doPhaseOperation(CompilationUnit.java:605)
	at org.codehaus.groovy.control.CompilationUnit.compile(CompilationUnit.java:554)
	at org.codehaus.groovy.control.CompilationUnit.compile(CompilationUnit.java:537)
	at org.codehaus.groovy.tools.FileSystemCompiler.compile(FileSystemCompiler.java:61)
	at org.codehaus.groovy.tools.FileSystemCompiler.doCompilation(FileSystemCompiler.java:217)
	at org.codehaus.groovy.ant.Groovyc.runCompiler(Groovyc.java:1165)
	at org.codehaus.groovy.ant.Groovyc.compile(Groovyc.java:1216)
	at org.codehaus.groovy.ant.Groovyc.execute(Groovyc.java:831)
	at org.apache.tools.ant.UnknownElement.execute(UnknownElement.java:292)
	at org.apache.tools.ant.dispatch.DispatchUtils.execute(DispatchUtils.java:106)
	at java.lang.Thread.run(Thread.java:748)
2023-11-30 16:55:45,393 [http-bio-8080-exec-7] ERROR StackTrace  - Full Stack Trace:
org.codehaus.groovy.control.MultipleCompilationErrorsException: startup failed:
/home/sofs4/Projects/TekDays.com/grails-app/conf/BootStrap.groovy: 4: unable to resolve class TekEvent 
 @ line 4, column 22.
           def event1 = new TekEvent(name: 'Gateway Code Camp',
                        ^

/home/sofs4/Projects/TekDays.com/grails-app/conf/BootStrap.groovy: 22: unable to resolve class TekEvent 
 @ line 22, column 22.
           def event2 = new TekEvent(name: 'Perl Before Swine',
                        ^

2 errors

	at org.codehaus.groovy.control.ErrorCollector.failIfErrors(ErrorCollector.java:310)
	at org.codehaus.groovy.control.CompilationUnit.applyToSourceUnits(CompilationUnit.java:958)
	at org.codehaus.groovy.control.CompilationUnit.doPhaseOperation(CompilationUnit.java:605)
	at org.codehaus.groovy.control.CompilationUnit.compile(CompilationUnit.java:554)
	at org.codehaus.groovy.control.CompilationUnit.compile(CompilationUnit.java:537)
	at org.codehaus.groovy.tools.FileSystemCompiler.compile(FileSystemCompiler.java:61)
	at org.codehaus.groovy.tools.FileSystemCompiler.doCompilation(FileSystemCompiler.java:217)
	at org.codehaus.groovy.ant.Groovyc.runCompiler(Groovyc.java:1165)
	at org.codehaus.groovy.ant.Groovyc.compile(Groovyc.java:1216)
	at org.codehaus.groovy.ant.Groovyc.execute(Groovyc.java:831)
	at org.apache.tools.ant.UnknownElement.execute(UnknownElement.java:292)
	at org.apache.tools.ant.dispatch.DispatchUtils.execute(DispatchUtils.java:106)
	at java.lang.Thread.run(Thread.java:748)
2023-11-30 16:55:45,393 [http-bio-8080-exec-7] ERROR StackTrace  - Full Stack Trace:
org.codehaus.groovy.control.MultipleCompilationErrorsException: startup failed:
/home/sofs4/Projects/TekDays.com/grails-app/conf/BootStrap.groovy: 4: unable to resolve class TekEvent 
 @ line 4, column 22.
           def event1 = new TekEvent(name: 'Gateway Code Camp',
                        ^

/home/sofs4/Projects/TekDays.com/grails-app/conf/BootStrap.groovy: 22: unable to resolve class TekEvent 
 @ line 22, column 22.
           def event2 = new TekEvent(name: 'Perl Before Swine',
                        ^

2 errors

	at org.codehaus.groovy.control.ErrorCollector.failIfErrors(ErrorCollector.java:310)
	at org.codehaus.groovy.control.CompilationUnit.applyToSourceUnits(CompilationUnit.java:958)
	at org.codehaus.groovy.control.CompilationUnit.doPhaseOperation(CompilationUnit.java:605)
	at org.codehaus.groovy.control.CompilationUnit.compile(CompilationUnit.java:554)
	at org.codehaus.groovy.control.CompilationUnit.compile(CompilationUnit.java:537)
	at org.codehaus.groovy.tools.FileSystemCompiler.compile(FileSystemCompiler.java:61)
	at org.codehaus.groovy.tools.FileSystemCompiler.doCompilation(FileSystemCompiler.java:217)
	at org.codehaus.groovy.ant.Groovyc.runCompiler(Groovyc.java:1165)
	at org.codehaus.groovy.ant.Groovyc.compile(Groovyc.java:1216)
	at org.codehaus.groovy.ant.Groovyc.execute(Groovyc.java:831)
	at org.apache.tools.ant.UnknownElement.execute(UnknownElement.java:292)
	at org.apache.tools.ant.dispatch.DispatchUtils.execute(DispatchUtils.java:106)
	at java.lang.Thread.run(Thread.java:748)
2023-11-30 16:55:45,395 [http-bio-8080-exec-7] ERROR StackTrace  - Full Stack Trace:
org.codehaus.groovy.control.MultipleCompilationErrorsException: startup failed:
/home/sofs4/Projects/TekDays.com/grails-app/conf/BootStrap.groovy: 4: unable to resolve class TekEvent 
 @ line 4, column 22.
           def event1 = new TekEvent(name: 'Gateway Code Camp',
                        ^

/home/sofs4/Projects/TekDays.com/grails-app/conf/BootStrap.groovy: 22: unable to resolve class TekEvent 
 @ line 22, column 22.
           def event2 = new TekEvent(name: 'Perl Before Swine',
                        ^

2 errors

	at org.codehaus.groovy.control.ErrorCollector.failIfErrors(ErrorCollector.java:310)
	at org.codehaus.groovy.control.CompilationUnit.applyToSourceUnits(CompilationUnit.java:958)
	at org.codehaus.groovy.control.CompilationUnit.doPhaseOperation(CompilationUnit.java:605)
	at org.codehaus.groovy.control.CompilationUnit.compile(CompilationUnit.java:554)
	at org.codehaus.groovy.control.CompilationUnit.compile(CompilationUnit.java:537)
	at org.codehaus.groovy.tools.FileSystemCompiler.compile(FileSystemCompiler.java:61)
	at org.codehaus.groovy.tools.FileSystemCompiler.doCompilation(FileSystemCompiler.java:217)
	at org.codehaus.groovy.ant.Groovyc.runCompiler(Groovyc.java:1165)
	at org.codehaus.groovy.ant.Groovyc.compile(Groovyc.java:1216)
	at org.codehaus.groovy.ant.Groovyc.execute(Groovyc.java:831)
	at org.apache.tools.ant.UnknownElement.execute(UnknownElement.java:292)
	at org.apache.tools.ant.dispatch.DispatchUtils.execute(DispatchUtils.java:106)
	at java.lang.Thread.run(Thread.java:748)
2023-11-30 16:55:45,395 [http-bio-8080-exec-7] ERROR StackTrace  - Full Stack Trace:
org.codehaus.groovy.control.MultipleCompilationErrorsException: startup failed:
/home/sofs4/Projects/TekDays.com/grails-app/conf/BootStrap.groovy: 4: unable to resolve class TekEvent 
 @ line 4, column 22.
           def event1 = new TekEvent(name: 'Gateway Code Camp',
                        ^

/home/sofs4/Projects/TekDays.com/grails-app/conf/BootStrap.groovy: 22: unable to resolve class TekEvent 
 @ line 22, column 22.
           def event2 = new TekEvent(name: 'Perl Before Swine',
                        ^

2 errors

	at org.codehaus.groovy.control.ErrorCollector.failIfErrors(ErrorCollector.java:310)
	at org.codehaus.groovy.control.CompilationUnit.applyToSourceUnits(CompilationUnit.java:958)
	at org.codehaus.groovy.control.CompilationUnit.doPhaseOperation(CompilationUnit.java:605)
	at org.codehaus.groovy.control.CompilationUnit.compile(CompilationUnit.java:554)
	at org.codehaus.groovy.control.CompilationUnit.compile(CompilationUnit.java:537)
	at org.codehaus.groovy.tools.FileSystemCompiler.compile(FileSystemCompiler.java:61)
	at org.codehaus.groovy.tools.FileSystemCompiler.doCompilation(FileSystemCompiler.java:217)
	at org.codehaus.groovy.ant.Groovyc.runCompiler(Groovyc.java:1165)
	at org.codehaus.groovy.ant.Groovyc.compile(Groovyc.java:1216)
	at org.codehaus.groovy.ant.Groovyc.execute(Groovyc.java:831)
	at org.apache.tools.ant.UnknownElement.execute(UnknownElement.java:292)
	at org.apache.tools.ant.dispatch.DispatchUtils.execute(DispatchUtils.java:106)
	at java.lang.Thread.run(Thread.java:748)
2023-11-30 16:56:19,211 [http-bio-8080-exec-4] ERROR StackTrace  - Full Stack Trace:
org.codehaus.groovy.control.MultipleCompilationErrorsException: startup failed:
/home/sofs4/Projects/TekDays.com/grails-app/conf/BootStrap.groovy: 4: unable to resolve class TekEvent 
 @ line 4, column 22.
           def event1 = new TekEvent(name: 'Gateway Code Camp',
                        ^

/home/sofs4/Projects/TekDays.com/grails-app/conf/BootStrap.groovy: 22: unable to resolve class TekEvent 
 @ line 22, column 22.
           def event2 = new TekEvent(name: 'Perl Before Swine',
                        ^

2 errors

	at org.codehaus.groovy.control.ErrorCollector.failIfErrors(ErrorCollector.java:310)
	at org.codehaus.groovy.control.CompilationUnit.applyToSourceUnits(CompilationUnit.java:958)
	at org.codehaus.groovy.control.CompilationUnit.doPhaseOperation(CompilationUnit.java:605)
	at org.codehaus.groovy.control.CompilationUnit.compile(CompilationUnit.java:554)
	at org.codehaus.groovy.control.CompilationUnit.compile(CompilationUnit.java:537)
	at org.codehaus.groovy.tools.FileSystemCompiler.compile(FileSystemCompiler.java:61)
	at org.codehaus.groovy.tools.FileSystemCompiler.doCompilation(FileSystemCompiler.java:217)
	at org.codehaus.groovy.ant.Groovyc.runCompiler(Groovyc.java:1165)
	at org.codehaus.groovy.ant.Groovyc.compile(Groovyc.java:1216)
	at org.codehaus.groovy.ant.Groovyc.execute(Groovyc.java:831)
	at org.apache.tools.ant.UnknownElement.execute(UnknownElement.java:292)
	at org.apache.tools.ant.dispatch.DispatchUtils.execute(DispatchUtils.java:106)
	at java.lang.Thread.run(Thread.java:748)
2023-11-30 16:56:19,212 [http-bio-8080-exec-4] ERROR StackTrace  - Full Stack Trace:
org.codehaus.groovy.control.MultipleCompilationErrorsException: startup failed:
/home/sofs4/Projects/TekDays.com/grails-app/conf/BootStrap.groovy: 4: unable to resolve class TekEvent 
 @ line 4, column 22.
           def event1 = new TekEvent(name: 'Gateway Code Camp',
                        ^

/home/sofs4/Projects/TekDays.com/grails-app/conf/BootStrap.groovy: 22: unable to resolve class TekEvent 
 @ line 22, column 22.
           def event2 = new TekEvent(name: 'Perl Before Swine',
                        ^

2 errors

	at org.codehaus.groovy.control.ErrorCollector.failIfErrors(ErrorCollector.java:310)
	at org.codehaus.groovy.control.CompilationUnit.applyToSourceUnits(CompilationUnit.java:958)
	at org.codehaus.groovy.control.CompilationUnit.doPhaseOperation(CompilationUnit.java:605)
	at org.codehaus.groovy.control.CompilationUnit.compile(CompilationUnit.java:554)
	at org.codehaus.groovy.control.CompilationUnit.compile(CompilationUnit.java:537)
	at org.codehaus.groovy.tools.FileSystemCompiler.compile(FileSystemCompiler.java:61)
	at org.codehaus.groovy.tools.FileSystemCompiler.doCompilation(FileSystemCompiler.java:217)
	at org.codehaus.groovy.ant.Groovyc.runCompiler(Groovyc.java:1165)
	at org.codehaus.groovy.ant.Groovyc.compile(Groovyc.java:1216)
	at org.codehaus.groovy.ant.Groovyc.execute(Groovyc.java:831)
	at org.apache.tools.ant.UnknownElement.execute(UnknownElement.java:292)
	at org.apache.tools.ant.dispatch.DispatchUtils.execute(DispatchUtils.java:106)
	at java.lang.Thread.run(Thread.java:748)
2023-11-30 16:56:19,213 [http-bio-8080-exec-4] ERROR StackTrace  - Full Stack Trace:
org.codehaus.groovy.control.MultipleCompilationErrorsException: startup failed:
/home/sofs4/Projects/TekDays.com/grails-app/conf/BootStrap.groovy: 4: unable to resolve class TekEvent 
 @ line 4, column 22.
           def event1 = new TekEvent(name: 'Gateway Code Camp',
                        ^

/home/sofs4/Projects/TekDays.com/grails-app/conf/BootStrap.groovy: 22: unable to resolve class TekEvent 
 @ line 22, column 22.
           def event2 = new TekEvent(name: 'Perl Before Swine',
                        ^

2 errors

	at org.codehaus.groovy.control.ErrorCollector.failIfErrors(ErrorCollector.java:310)
	at org.codehaus.groovy.control.CompilationUnit.applyToSourceUnits(CompilationUnit.java:958)
	at org.codehaus.groovy.control.CompilationUnit.doPhaseOperation(CompilationUnit.java:605)
	at org.codehaus.groovy.control.CompilationUnit.compile(CompilationUnit.java:554)
	at org.codehaus.groovy.control.CompilationUnit.compile(CompilationUnit.java:537)
	at org.codehaus.groovy.tools.FileSystemCompiler.compile(FileSystemCompiler.java:61)
	at org.codehaus.groovy.tools.FileSystemCompiler.doCompilation(FileSystemCompiler.java:217)
	at org.codehaus.groovy.ant.Groovyc.runCompiler(Groovyc.java:1165)
	at org.codehaus.groovy.ant.Groovyc.compile(Groovyc.java:1216)
	at org.codehaus.groovy.ant.Groovyc.execute(Groovyc.java:831)
	at org.apache.tools.ant.UnknownElement.execute(UnknownElement.java:292)
	at org.apache.tools.ant.dispatch.DispatchUtils.execute(DispatchUtils.java:106)
	at java.lang.Thread.run(Thread.java:748)
2023-11-30 16:56:19,214 [http-bio-8080-exec-4] ERROR StackTrace  - Full Stack Trace:
org.codehaus.groovy.control.MultipleCompilationErrorsException: startup failed:
/home/sofs4/Projects/TekDays.com/grails-app/conf/BootStrap.groovy: 4: unable to resolve class TekEvent 
 @ line 4, column 22.
           def event1 = new TekEvent(name: 'Gateway Code Camp',
                        ^

/home/sofs4/Projects/TekDays.com/grails-app/conf/BootStrap.groovy: 22: unable to resolve class TekEvent 
 @ line 22, column 22.
           def event2 = new TekEvent(name: 'Perl Before Swine',
                        ^

2 errors

	at org.codehaus.groovy.control.ErrorCollector.failIfErrors(ErrorCollector.java:310)
	at org.codehaus.groovy.control.CompilationUnit.applyToSourceUnits(CompilationUnit.java:958)
	at org.codehaus.groovy.control.CompilationUnit.doPhaseOperation(CompilationUnit.java:605)
	at org.codehaus.groovy.control.CompilationUnit.compile(CompilationUnit.java:554)
	at org.codehaus.groovy.control.CompilationUnit.compile(CompilationUnit.java:537)
	at org.codehaus.groovy.tools.FileSystemCompiler.compile(FileSystemCompiler.java:61)
	at org.codehaus.groovy.tools.FileSystemCompiler.doCompilation(FileSystemCompiler.java:217)
	at org.codehaus.groovy.ant.Groovyc.runCompiler(Groovyc.java:1165)
	at org.codehaus.groovy.ant.Groovyc.compile(Groovyc.java:1216)
	at org.codehaus.groovy.ant.Groovyc.execute(Groovyc.java:831)
	at org.apache.tools.ant.UnknownElement.execute(UnknownElement.java:292)
	at org.apache.tools.ant.dispatch.DispatchUtils.execute(DispatchUtils.java:106)
	at java.lang.Thread.run(Thread.java:748)
2023-11-30 16:56:48,594 [http-bio-8080-exec-2] ERROR StackTrace  - Full Stack Trace:
org.codehaus.groovy.control.MultipleCompilationErrorsException: startup failed:
/home/sofs4/Projects/TekDays.com/grails-app/conf/BootStrap.groovy: 4: unable to resolve class TekEvent 
 @ line 4, column 22.
           def event1 = new TekEvent(name: 'Gateway Code Camp',
                        ^

/home/sofs4/Projects/TekDays.com/grails-app/conf/BootStrap.groovy: 22: unable to resolve class TekEvent 
 @ line 22, column 22.
           def event2 = new TekEvent(name: 'Perl Before Swine',
                        ^

2 errors

	at org.codehaus.groovy.control.ErrorCollector.failIfErrors(ErrorCollector.java:310)
	at org.codehaus.groovy.control.CompilationUnit.applyToSourceUnits(CompilationUnit.java:958)
	at org.codehaus.groovy.control.CompilationUnit.doPhaseOperation(CompilationUnit.java:605)
	at org.codehaus.groovy.control.CompilationUnit.compile(CompilationUnit.java:554)
	at org.codehaus.groovy.control.CompilationUnit.compile(CompilationUnit.java:537)
	at org.codehaus.groovy.tools.FileSystemCompiler.compile(FileSystemCompiler.java:61)
	at org.codehaus.groovy.tools.FileSystemCompiler.doCompilation(FileSystemCompiler.java:217)
	at org.codehaus.groovy.ant.Groovyc.runCompiler(Groovyc.java:1165)
	at org.codehaus.groovy.ant.Groovyc.compile(Groovyc.java:1216)
	at org.codehaus.groovy.grails.compiler.Grailsc.compile(Grailsc.java:78)
	at org.codehaus.groovy.ant.Groovyc.execute(Groovyc.java:831)
	at org.apache.tools.ant.UnknownElement.execute(UnknownElement.java:292)
	at sun.reflect.GeneratedMethodAccessor305.invoke(Unknown Source)
	at sun.reflect.DelegatingMethodAccessorImpl.invoke(DelegatingMethodAccessorImpl.java:43)
	at java.lang.reflect.Method.invoke(Method.java:498)
	at org.springsource.loaded.ri.ReflectiveInterceptor.jlrMethodInvoke(ReflectiveInterceptor.java:1432)
	at org.apache.tools.ant.dispatch.DispatchUtils.execute(DispatchUtils.java:106)
	at groovy.util.AntBuilder.performTask(AntBuilder.java:327)
	at groovy.util.AntBuilder.nodeCompleted(AntBuilder.java:272)
	at groovy.util.BuilderSupport.doInvokeMethod(BuilderSupport.java:154)
	at groovy.util.AntBuilder.doInvokeMethod(AntBuilder.java:207)
	at groovy.util.BuilderSupport.invokeMethod(BuilderSupport.java:67)
	at org.codehaus.groovy.runtime.callsite.PogoMetaClassSite.call(PogoMetaClassSite.java:48)
	at org.codehaus.groovy.runtime.callsite.AbstractCallSite.call(AbstractCallSite.java:133)
	at org.codehaus.groovy.grails.project.compiler.GrailsProjectCompiler.compile(GrailsProjectCompiler.groovy:300)
	at org.codehaus.groovy.grails.project.compiler.GrailsProjectCompiler$compile$1.callCurrent(Unknown Source)
	at org.codehaus.groovy.grails.project.compiler.GrailsProjectCompiler.compile(GrailsProjectCompiler.groovy:265)
	at org.codehaus.groovy.grails.project.compiler.GrailsProjectCompiler.compileAll(GrailsProjectCompiler.groovy:256)
	at org.codehaus.groovy.grails.project.compiler.GrailsProjectWatcher.compileIfSource(GrailsProjectWatcher.java:262)
	at org.codehaus.groovy.grails.project.compiler.GrailsProjectWatcher.access$300(GrailsProjectWatcher.java:48)
	at org.codehaus.groovy.grails.project.compiler.GrailsProjectWatcher$1.onChange(GrailsProjectWatcher.java:136)
	at org.codehaus.groovy.grails.compiler.AbstractDirectoryWatcher.fireOnChange(AbstractDirectoryWatcher.java:70)
	at org.codehaus.groovy.grails.compiler.WatchServiceDirectoryWatcher.run(WatchServiceDirectoryWatcher.java:106)
	at org.codehaus.groovy.grails.compiler.DirectoryWatcher.run(DirectoryWatcher.java:154)
	at org.codehaus.groovy.grails.project.compiler.GrailsProjectWatcher.run(GrailsProjectWatcher.java:161)
	at java_lang_Runnable$run.call(Unknown Source)
	at org.codehaus.groovy.runtime.callsite.CallSiteArray.defaultCall(CallSiteArray.java:48)
	at org.codehaus.groovy.runtime.callsite.AbstractCallSite.call(AbstractCallSite.java:113)
	at org.codehaus.groovy.runtime.callsite.AbstractCallSite.call(AbstractCallSite.java:117)
	at org.codehaus.groovy.grails.cli.fork.ForkedGrailsProcess.startProjectWatcher(ForkedGrailsProcess.groovy:748)
	at sun.reflect.NativeMethodAccessorImpl.invoke0(Native Method)
	at sun.reflect.NativeMethodAccessorImpl.invoke(NativeMethodAccessorImpl.java:62)
	at sun.reflect.DelegatingMethodAccessorImpl.invoke(DelegatingMethodAccessorImpl.java:43)
	at java.lang.reflect.Method.invoke(Method.java:498)
	at org.springsource.loaded.ri.ReflectiveInterceptor.jlrMethodInvoke(ReflectiveInterceptor.java:1426)
	at org.codehaus.groovy.reflection.CachedMethod.invoke(CachedMethod.java:93)
	at groovy.lang.MetaMethod.doMethodInvoke(MetaMethod.java:325)
	at groovy.lang.MetaClassImpl.invokeMethod(MetaClassImpl.java:1218)
	at groovy.lang.MetaClassImpl.invokeMethod(MetaClassImpl.java:1027)
	at groovy.lang.MetaClassImpl.invokeMethod(MetaClassImpl.java:1163)
	at groovy.lang.ExpandoMetaClass.invokeMethod(ExpandoMetaClass.java:1125)
	at groovy.lang.MetaClassImpl.invokeMethod(MetaClassImpl.java:1027)
	at org.codehaus.groovy.runtime.callsite.PogoMetaClassSite.callCurrent(PogoMetaClassSite.java:69)
	at org.codehaus.groovy.runtime.callsite.CallSiteArray.defaultCallCurrent(CallSiteArray.java:52)
	at org.codehaus.groovy.runtime.callsite.AbstractCallSite.callCurrent(AbstractCallSite.java:154)
	at org.codehaus.groovy.runtime.callsite.AbstractCallSite.callCurrent(AbstractCallSite.java:174)
	at org.codehaus.groovy.grails.cli.fork.ForkedGrailsProcess$_setupReloading_closure17.doCall(ForkedGrailsProcess.groovy:737)
	at org.codehaus.groovy.grails.cli.fork.ForkedGrailsProcess$_setupReloading_closure17.doCall(ForkedGrailsProcess.groovy)
	at sun.reflect.NativeMethodAccessorImpl.invoke0(Native Method)
	at sun.reflect.NativeMethodAccessorImpl.invoke(NativeMethodAccessorImpl.java:62)
	at sun.reflect.DelegatingMethodAccessorImpl.invoke(DelegatingMethodAccessorImpl.java:43)
	at java.lang.reflect.Method.invoke(Method.java:498)
	at org.springsource.loaded.ri.ReflectiveInterceptor.jlrMethodInvoke(ReflectiveInterceptor.java:1426)
	at org.codehaus.groovy.reflection.CachedMethod.invoke(CachedMethod.java:93)
	at groovy.lang.MetaMethod.doMethodInvoke(MetaMethod.java:325)
	at groovy.lang.MetaClassImpl.invokeMethod(MetaClassImpl.java:1218)
	at groovy.lang.ExpandoMetaClass.invokeMethod(ExpandoMetaClass.java:1125)
	at groovy.lang.MetaClassImpl.invokeMethod(MetaClassImpl.java:1027)
	at groovy.lang.Closure.call(Closure.java:414)
	at groovy.lang.Closure.call(Closure.java:408)
	at groovy.lang.Closure.run(Closure.java:495)
	at java.lang.Thread.run(Thread.java:748)
2023-11-30 16:56:48,594 [http-bio-8080-exec-2] ERROR StackTrace  - Full Stack Trace:
org.codehaus.groovy.control.MultipleCompilationErrorsException: startup failed:
/home/sofs4/Projects/TekDays.com/grails-app/conf/BootStrap.groovy: 4: unable to resolve class TekEvent 
 @ line 4, column 22.
           def event1 = new TekEvent(name: 'Gateway Code Camp',
                        ^

/home/sofs4/Projects/TekDays.com/grails-app/conf/BootStrap.groovy: 22: unable to resolve class TekEvent 
 @ line 22, column 22.
           def event2 = new TekEvent(name: 'Perl Before Swine',
                        ^

2 errors

	at org.codehaus.groovy.control.ErrorCollector.failIfErrors(ErrorCollector.java:310)
	at org.codehaus.groovy.control.CompilationUnit.applyToSourceUnits(CompilationUnit.java:958)
	at org.codehaus.groovy.control.CompilationUnit.doPhaseOperation(CompilationUnit.java:605)
	at org.codehaus.groovy.control.CompilationUnit.compile(CompilationUnit.java:554)
	at org.codehaus.groovy.control.CompilationUnit.compile(CompilationUnit.java:537)
	at org.codehaus.groovy.tools.FileSystemCompiler.compile(FileSystemCompiler.java:61)
	at org.codehaus.groovy.tools.FileSystemCompiler.doCompilation(FileSystemCompiler.java:217)
	at org.codehaus.groovy.ant.Groovyc.runCompiler(Groovyc.java:1165)
	at org.codehaus.groovy.ant.Groovyc.compile(Groovyc.java:1216)
	at org.codehaus.groovy.ant.Groovyc.execute(Groovyc.java:831)
	at org.apache.tools.ant.UnknownElement.execute(UnknownElement.java:292)
	at org.apache.tools.ant.dispatch.DispatchUtils.execute(DispatchUtils.java:106)
	at java.lang.Thread.run(Thread.java:748)
2023-11-30 16:56:48,595 [http-bio-8080-exec-2] ERROR StackTrace  - Full Stack Trace:
org.codehaus.groovy.control.MultipleCompilationErrorsException: startup failed:
/home/sofs4/Projects/TekDays.com/grails-app/conf/BootStrap.groovy: 4: unable to resolve class TekEvent 
 @ line 4, column 22.
           def event1 = new TekEvent(name: 'Gateway Code Camp',
                        ^

/home/sofs4/Projects/TekDays.com/grails-app/conf/BootStrap.groovy: 22: unable to resolve class TekEvent 
 @ line 22, column 22.
           def event2 = new TekEvent(name: 'Perl Before Swine',
                        ^

2 errors

	at org.codehaus.groovy.control.ErrorCollector.failIfErrors(ErrorCollector.java:310)
	at org.codehaus.groovy.control.CompilationUnit.applyToSourceUnits(CompilationUnit.java:958)
	at org.codehaus.groovy.control.CompilationUnit.doPhaseOperation(CompilationUnit.java:605)
	at org.codehaus.groovy.control.CompilationUnit.compile(CompilationUnit.java:554)
	at org.codehaus.groovy.control.CompilationUnit.compile(CompilationUnit.java:537)
	at org.codehaus.groovy.tools.FileSystemCompiler.compile(FileSystemCompiler.java:61)
	at org.codehaus.groovy.tools.FileSystemCompiler.doCompilation(FileSystemCompiler.java:217)
	at org.codehaus.groovy.ant.Groovyc.runCompiler(Groovyc.java:1165)
	at org.codehaus.groovy.ant.Groovyc.compile(Groovyc.java:1216)
	at org.codehaus.groovy.ant.Groovyc.execute(Groovyc.java:831)
	at org.apache.tools.ant.UnknownElement.execute(UnknownElement.java:292)
	at org.apache.tools.ant.dispatch.DispatchUtils.execute(DispatchUtils.java:106)
	at java.lang.Thread.run(Thread.java:748)
2023-11-30 16:56:48,596 [http-bio-8080-exec-2] ERROR StackTrace  - Full Stack Trace:
org.codehaus.groovy.control.MultipleCompilationErrorsException: startup failed:
/home/sofs4/Projects/TekDays.com/grails-app/conf/BootStrap.groovy: 4: unable to resolve class TekEvent 
 @ line 4, column 22.
           def event1 = new TekEvent(name: 'Gateway Code Camp',
                        ^

/home/sofs4/Projects/TekDays.com/grails-app/conf/BootStrap.groovy: 22: unable to resolve class TekEvent 
 @ line 22, column 22.
           def event2 = new TekEvent(name: 'Perl Before Swine',
                        ^

2 errors

	at org.codehaus.groovy.control.ErrorCollector.failIfErrors(ErrorCollector.java:310)
	at org.codehaus.groovy.control.CompilationUnit.applyToSourceUnits(CompilationUnit.java:958)
	at org.codehaus.groovy.control.CompilationUnit.doPhaseOperation(CompilationUnit.java:605)
	at org.codehaus.groovy.control.CompilationUnit.compile(CompilationUnit.java:554)
	at org.codehaus.groovy.control.CompilationUnit.compile(CompilationUnit.java:537)
	at org.codehaus.groovy.tools.FileSystemCompiler.compile(FileSystemCompiler.java:61)
	at org.codehaus.groovy.tools.FileSystemCompiler.doCompilation(FileSystemCompiler.java:217)
	at org.codehaus.groovy.ant.Groovyc.runCompiler(Groovyc.java:1165)
	at org.codehaus.groovy.ant.Groovyc.compile(Groovyc.java:1216)
	at org.codehaus.groovy.ant.Groovyc.execute(Groovyc.java:831)
	at org.apache.tools.ant.UnknownElement.execute(UnknownElement.java:292)
	at org.apache.tools.ant.dispatch.DispatchUtils.execute(DispatchUtils.java:106)
	at java.lang.Thread.run(Thread.java:748)
2023-11-30 16:58:16,899 [http-bio-8080-exec-7] ERROR StackTrace  - Full Stack Trace:
org.codehaus.groovy.control.MultipleCompilationErrorsException: startup failed:
/home/sofs4/Projects/TekDays.com/grails-app/conf/BootStrap.groovy: 4: unable to resolve class TekEvent 
 @ line 4, column 22.
           def event1 = new TekEvent(name: 'Gateway Code Camp',
                        ^

/home/sofs4/Projects/TekDays.com/grails-app/conf/BootStrap.groovy: 16: unable to resolve class TekEvent 
 @ line 16, column 22.
           def event2 = new TekEvent(name: 'Perl Before Swine',
                        ^

2 errors

	at org.codehaus.groovy.control.ErrorCollector.failIfErrors(ErrorCollector.java:310)
	at org.codehaus.groovy.control.CompilationUnit.applyToSourceUnits(CompilationUnit.java:958)
	at org.codehaus.groovy.control.CompilationUnit.doPhaseOperation(CompilationUnit.java:605)
	at org.codehaus.groovy.control.CompilationUnit.compile(CompilationUnit.java:554)
	at org.codehaus.groovy.control.CompilationUnit.compile(CompilationUnit.java:537)
	at org.codehaus.groovy.tools.FileSystemCompiler.compile(FileSystemCompiler.java:61)
	at org.codehaus.groovy.tools.FileSystemCompiler.doCompilation(FileSystemCompiler.java:217)
	at org.codehaus.groovy.ant.Groovyc.runCompiler(Groovyc.java:1165)
	at org.codehaus.groovy.ant.Groovyc.compile(Groovyc.java:1216)
	at org.codehaus.groovy.grails.compiler.Grailsc.compile(Grailsc.java:78)
	at org.codehaus.groovy.ant.Groovyc.execute(Groovyc.java:831)
	at org.apache.tools.ant.UnknownElement.execute(UnknownElement.java:292)
	at sun.reflect.GeneratedMethodAccessor305.invoke(Unknown Source)
	at sun.reflect.DelegatingMethodAccessorImpl.invoke(DelegatingMethodAccessorImpl.java:43)
	at java.lang.reflect.Method.invoke(Method.java:498)
	at org.springsource.loaded.ri.ReflectiveInterceptor.jlrMethodInvoke(ReflectiveInterceptor.java:1432)
	at org.apache.tools.ant.dispatch.DispatchUtils.execute(DispatchUtils.java:106)
	at groovy.util.AntBuilder.performTask(AntBuilder.java:327)
	at groovy.util.AntBuilder.nodeCompleted(AntBuilder.java:272)
	at groovy.util.BuilderSupport.doInvokeMethod(BuilderSupport.java:154)
	at groovy.util.AntBuilder.doInvokeMethod(AntBuilder.java:207)
	at groovy.util.BuilderSupport.invokeMethod(BuilderSupport.java:67)
	at org.codehaus.groovy.runtime.callsite.PogoMetaClassSite.call(PogoMetaClassSite.java:48)
	at org.codehaus.groovy.runtime.callsite.AbstractCallSite.call(AbstractCallSite.java:133)
	at org.codehaus.groovy.grails.project.compiler.GrailsProjectCompiler.compile(GrailsProjectCompiler.groovy:300)
	at org.codehaus.groovy.grails.project.compiler.GrailsProjectCompiler$compile$1.callCurrent(Unknown Source)
	at org.codehaus.groovy.grails.project.compiler.GrailsProjectCompiler.compile(GrailsProjectCompiler.groovy:265)
	at org.codehaus.groovy.grails.project.compiler.GrailsProjectCompiler.compileAll(GrailsProjectCompiler.groovy:256)
	at org.codehaus.groovy.grails.project.compiler.GrailsProjectWatcher.compileIfSource(GrailsProjectWatcher.java:262)
	at org.codehaus.groovy.grails.project.compiler.GrailsProjectWatcher.access$300(GrailsProjectWatcher.java:48)
	at org.codehaus.groovy.grails.project.compiler.GrailsProjectWatcher$1.onChange(GrailsProjectWatcher.java:136)
	at org.codehaus.groovy.grails.compiler.AbstractDirectoryWatcher.fireOnChange(AbstractDirectoryWatcher.java:70)
	at org.codehaus.groovy.grails.compiler.WatchServiceDirectoryWatcher.run(WatchServiceDirectoryWatcher.java:106)
	at org.codehaus.groovy.grails.compiler.DirectoryWatcher.run(DirectoryWatcher.java:154)
	at org.codehaus.groovy.grails.project.compiler.GrailsProjectWatcher.run(GrailsProjectWatcher.java:161)
	at java_lang_Runnable$run.call(Unknown Source)
	at org.codehaus.groovy.runtime.callsite.CallSiteArray.defaultCall(CallSiteArray.java:48)
	at org.codehaus.groovy.runtime.callsite.AbstractCallSite.call(AbstractCallSite.java:113)
	at org.codehaus.groovy.runtime.callsite.AbstractCallSite.call(AbstractCallSite.java:117)
	at org.codehaus.groovy.grails.cli.fork.ForkedGrailsProcess.startProjectWatcher(ForkedGrailsProcess.groovy:748)
	at sun.reflect.NativeMethodAccessorImpl.invoke0(Native Method)
	at sun.reflect.NativeMethodAccessorImpl.invoke(NativeMethodAccessorImpl.java:62)
	at sun.reflect.DelegatingMethodAccessorImpl.invoke(DelegatingMethodAccessorImpl.java:43)
	at java.lang.reflect.Method.invoke(Method.java:498)
	at org.springsource.loaded.ri.ReflectiveInterceptor.jlrMethodInvoke(ReflectiveInterceptor.java:1426)
	at org.codehaus.groovy.reflection.CachedMethod.invoke(CachedMethod.java:93)
	at groovy.lang.MetaMethod.doMethodInvoke(MetaMethod.java:325)
	at groovy.lang.MetaClassImpl.invokeMethod(MetaClassImpl.java:1218)
	at groovy.lang.MetaClassImpl.invokeMethod(MetaClassImpl.java:1027)
	at groovy.lang.MetaClassImpl.invokeMethod(MetaClassImpl.java:1163)
	at groovy.lang.ExpandoMetaClass.invokeMethod(ExpandoMetaClass.java:1125)
	at groovy.lang.MetaClassImpl.invokeMethod(MetaClassImpl.java:1027)
	at org.codehaus.groovy.runtime.callsite.PogoMetaClassSite.callCurrent(PogoMetaClassSite.java:69)
	at org.codehaus.groovy.runtime.callsite.CallSiteArray.defaultCallCurrent(CallSiteArray.java:52)
	at org.codehaus.groovy.runtime.callsite.AbstractCallSite.callCurrent(AbstractCallSite.java:154)
	at org.codehaus.groovy.runtime.callsite.AbstractCallSite.callCurrent(AbstractCallSite.java:174)
	at org.codehaus.groovy.grails.cli.fork.ForkedGrailsProcess$_setupReloading_closure17.doCall(ForkedGrailsProcess.groovy:737)
	at org.codehaus.groovy.grails.cli.fork.ForkedGrailsProcess$_setupReloading_closure17.doCall(ForkedGrailsProcess.groovy)
	at sun.reflect.NativeMethodAccessorImpl.invoke0(Native Method)
	at sun.reflect.NativeMethodAccessorImpl.invoke(NativeMethodAccessorImpl.java:62)
	at sun.reflect.DelegatingMethodAccessorImpl.invoke(DelegatingMethodAccessorImpl.java:43)
	at java.lang.reflect.Method.invoke(Method.java:498)
	at org.springsource.loaded.ri.ReflectiveInterceptor.jlrMethodInvoke(ReflectiveInterceptor.java:1426)
	at org.codehaus.groovy.reflection.CachedMethod.invoke(CachedMethod.java:93)
	at groovy.lang.MetaMethod.doMethodInvoke(MetaMethod.java:325)
	at groovy.lang.MetaClassImpl.invokeMethod(MetaClassImpl.java:1218)
	at groovy.lang.ExpandoMetaClass.invokeMethod(ExpandoMetaClass.java:1125)
	at groovy.lang.MetaClassImpl.invokeMethod(MetaClassImpl.java:1027)
	at groovy.lang.Closure.call(Closure.java:414)
	at groovy.lang.Closure.call(Closure.java:408)
	at groovy.lang.Closure.run(Closure.java:495)
	at java.lang.Thread.run(Thread.java:748)
2023-11-30 16:58:16,899 [http-bio-8080-exec-7] ERROR StackTrace  - Full Stack Trace:
org.codehaus.groovy.control.MultipleCompilationErrorsException: startup failed:
/home/sofs4/Projects/TekDays.com/grails-app/conf/BootStrap.groovy: 4: unable to resolve class TekEvent 
 @ line 4, column 22.
           def event1 = new TekEvent(name: 'Gateway Code Camp',
                        ^

/home/sofs4/Projects/TekDays.com/grails-app/conf/BootStrap.groovy: 16: unable to resolve class TekEvent 
 @ line 16, column 22.
           def event2 = new TekEvent(name: 'Perl Before Swine',
                        ^

2 errors

	at org.codehaus.groovy.control.ErrorCollector.failIfErrors(ErrorCollector.java:310)
	at org.codehaus.groovy.control.CompilationUnit.applyToSourceUnits(CompilationUnit.java:958)
	at org.codehaus.groovy.control.CompilationUnit.doPhaseOperation(CompilationUnit.java:605)
	at org.codehaus.groovy.control.CompilationUnit.compile(CompilationUnit.java:554)
	at org.codehaus.groovy.control.CompilationUnit.compile(CompilationUnit.java:537)
	at org.codehaus.groovy.tools.FileSystemCompiler.compile(FileSystemCompiler.java:61)
	at org.codehaus.groovy.tools.FileSystemCompiler.doCompilation(FileSystemCompiler.java:217)
	at org.codehaus.groovy.ant.Groovyc.runCompiler(Groovyc.java:1165)
	at org.codehaus.groovy.ant.Groovyc.compile(Groovyc.java:1216)
	at org.codehaus.groovy.ant.Groovyc.execute(Groovyc.java:831)
	at org.apache.tools.ant.UnknownElement.execute(UnknownElement.java:292)
	at org.apache.tools.ant.dispatch.DispatchUtils.execute(DispatchUtils.java:106)
	at java.lang.Thread.run(Thread.java:748)
2023-11-30 16:58:16,900 [http-bio-8080-exec-7] ERROR StackTrace  - Full Stack Trace:
org.codehaus.groovy.control.MultipleCompilationErrorsException: startup failed:
/home/sofs4/Projects/TekDays.com/grails-app/conf/BootStrap.groovy: 4: unable to resolve class TekEvent 
 @ line 4, column 22.
           def event1 = new TekEvent(name: 'Gateway Code Camp',
                        ^

/home/sofs4/Projects/TekDays.com/grails-app/conf/BootStrap.groovy: 16: unable to resolve class TekEvent 
 @ line 16, column 22.
           def event2 = new TekEvent(name: 'Perl Before Swine',
                        ^

2 errors

	at org.codehaus.groovy.control.ErrorCollector.failIfErrors(ErrorCollector.java:310)
	at org.codehaus.groovy.control.CompilationUnit.applyToSourceUnits(CompilationUnit.java:958)
	at org.codehaus.groovy.control.CompilationUnit.doPhaseOperation(CompilationUnit.java:605)
	at org.codehaus.groovy.control.CompilationUnit.compile(CompilationUnit.java:554)
	at org.codehaus.groovy.control.CompilationUnit.compile(CompilationUnit.java:537)
	at org.codehaus.groovy.tools.FileSystemCompiler.compile(FileSystemCompiler.java:61)
	at org.codehaus.groovy.tools.FileSystemCompiler.doCompilation(FileSystemCompiler.java:217)
	at org.codehaus.groovy.ant.Groovyc.runCompiler(Groovyc.java:1165)
	at org.codehaus.groovy.ant.Groovyc.compile(Groovyc.java:1216)
	at org.codehaus.groovy.ant.Groovyc.execute(Groovyc.java:831)
	at org.apache.tools.ant.UnknownElement.execute(UnknownElement.java:292)
	at org.apache.tools.ant.dispatch.DispatchUtils.execute(DispatchUtils.java:106)
	at java.lang.Thread.run(Thread.java:748)
2023-11-30 16:58:16,901 [http-bio-8080-exec-7] ERROR StackTrace  - Full Stack Trace:
org.codehaus.groovy.control.MultipleCompilationErrorsException: startup failed:
/home/sofs4/Projects/TekDays.com/grails-app/conf/BootStrap.groovy: 4: unable to resolve class TekEvent 
 @ line 4, column 22.
           def event1 = new TekEvent(name: 'Gateway Code Camp',
                        ^

/home/sofs4/Projects/TekDays.com/grails-app/conf/BootStrap.groovy: 16: unable to resolve class TekEvent 
 @ line 16, column 22.
           def event2 = new TekEvent(name: 'Perl Before Swine',
                        ^

2 errors

	at org.codehaus.groovy.control.ErrorCollector.failIfErrors(ErrorCollector.java:310)
	at org.codehaus.groovy.control.CompilationUnit.applyToSourceUnits(CompilationUnit.java:958)
	at org.codehaus.groovy.control.CompilationUnit.doPhaseOperation(CompilationUnit.java:605)
	at org.codehaus.groovy.control.CompilationUnit.compile(CompilationUnit.java:554)
	at org.codehaus.groovy.control.CompilationUnit.compile(CompilationUnit.java:537)
	at org.codehaus.groovy.tools.FileSystemCompiler.compile(FileSystemCompiler.java:61)
	at org.codehaus.groovy.tools.FileSystemCompiler.doCompilation(FileSystemCompiler.java:217)
	at org.codehaus.groovy.ant.Groovyc.runCompiler(Groovyc.java:1165)
	at org.codehaus.groovy.ant.Groovyc.compile(Groovyc.java:1216)
	at org.codehaus.groovy.ant.Groovyc.execute(Groovyc.java:831)
	at org.apache.tools.ant.UnknownElement.execute(UnknownElement.java:292)
	at org.apache.tools.ant.dispatch.DispatchUtils.execute(DispatchUtils.java:106)
	at java.lang.Thread.run(Thread.java:748)
2023-11-30 16:59:34,643 [http-bio-8080-exec-14] ERROR StackTrace  - Full Stack Trace:
org.codehaus.groovy.control.MultipleCompilationErrorsException: startup failed:
/home/sofs4/Projects/TekDays.com/grails-app/conf/BootStrap.groovy: 4: unable to resolve class TekEvent 
 @ line 4, column 22.
           def event1 = new TekEvent(name: 'Gateway Code Camp',
                        ^

/home/sofs4/Projects/TekDays.com/grails-app/conf/BootStrap.groovy: 16: unable to resolve class TekEvent 
 @ line 16, column 22.
           def event2 = new TekEvent(name: 'Perl Before Swine',
                        ^

2 errors

	at org.codehaus.groovy.control.ErrorCollector.failIfErrors(ErrorCollector.java:310)
	at org.codehaus.groovy.control.CompilationUnit.applyToSourceUnits(CompilationUnit.java:958)
	at org.codehaus.groovy.control.CompilationUnit.doPhaseOperation(CompilationUnit.java:605)
	at org.codehaus.groovy.control.CompilationUnit.compile(CompilationUnit.java:554)
	at org.codehaus.groovy.control.CompilationUnit.compile(CompilationUnit.java:537)
	at org.codehaus.groovy.tools.FileSystemCompiler.compile(FileSystemCompiler.java:61)
	at org.codehaus.groovy.tools.FileSystemCompiler.doCompilation(FileSystemCompiler.java:217)
	at org.codehaus.groovy.ant.Groovyc.runCompiler(Groovyc.java:1165)
	at org.codehaus.groovy.ant.Groovyc.compile(Groovyc.java:1216)
	at org.codehaus.groovy.grails.compiler.Grailsc.compile(Grailsc.java:78)
	at org.codehaus.groovy.ant.Groovyc.execute(Groovyc.java:831)
	at org.apache.tools.ant.UnknownElement.execute(UnknownElement.java:292)
	at sun.reflect.GeneratedMethodAccessor305.invoke(Unknown Source)
	at sun.reflect.DelegatingMethodAccessorImpl.invoke(DelegatingMethodAccessorImpl.java:43)
	at java.lang.reflect.Method.invoke(Method.java:498)
	at org.springsource.loaded.ri.ReflectiveInterceptor.jlrMethodInvoke(ReflectiveInterceptor.java:1432)
	at org.apache.tools.ant.dispatch.DispatchUtils.execute(DispatchUtils.java:106)
	at groovy.util.AntBuilder.performTask(AntBuilder.java:327)
	at groovy.util.AntBuilder.nodeCompleted(AntBuilder.java:272)
	at groovy.util.BuilderSupport.doInvokeMethod(BuilderSupport.java:154)
	at groovy.util.AntBuilder.doInvokeMethod(AntBuilder.java:207)
	at groovy.util.BuilderSupport.invokeMethod(BuilderSupport.java:67)
	at org.codehaus.groovy.runtime.callsite.PogoMetaClassSite.call(PogoMetaClassSite.java:48)
	at org.codehaus.groovy.runtime.callsite.AbstractCallSite.call(AbstractCallSite.java:133)
	at org.codehaus.groovy.grails.project.compiler.GrailsProjectCompiler.compile(GrailsProjectCompiler.groovy:300)
	at org.codehaus.groovy.grails.project.compiler.GrailsProjectCompiler$compile$1.callCurrent(Unknown Source)
	at org.codehaus.groovy.grails.project.compiler.GrailsProjectCompiler.compile(GrailsProjectCompiler.groovy:265)
	at org.codehaus.groovy.grails.project.compiler.GrailsProjectCompiler.compileAll(GrailsProjectCompiler.groovy:256)
	at org.codehaus.groovy.grails.project.compiler.GrailsProjectWatcher.compileIfSource(GrailsProjectWatcher.java:262)
	at org.codehaus.groovy.grails.project.compiler.GrailsProjectWatcher.access$300(GrailsProjectWatcher.java:48)
	at org.codehaus.groovy.grails.project.compiler.GrailsProjectWatcher$1.onChange(GrailsProjectWatcher.java:136)
	at org.codehaus.groovy.grails.compiler.AbstractDirectoryWatcher.fireOnChange(AbstractDirectoryWatcher.java:70)
	at org.codehaus.groovy.grails.compiler.WatchServiceDirectoryWatcher.run(WatchServiceDirectoryWatcher.java:106)
	at org.codehaus.groovy.grails.compiler.DirectoryWatcher.run(DirectoryWatcher.java:154)
	at org.codehaus.groovy.grails.project.compiler.GrailsProjectWatcher.run(GrailsProjectWatcher.java:161)
	at java_lang_Runnable$run.call(Unknown Source)
	at org.codehaus.groovy.runtime.callsite.CallSiteArray.defaultCall(CallSiteArray.java:48)
	at org.codehaus.groovy.runtime.callsite.AbstractCallSite.call(AbstractCallSite.java:113)
	at org.codehaus.groovy.runtime.callsite.AbstractCallSite.call(AbstractCallSite.java:117)
	at org.codehaus.groovy.grails.cli.fork.ForkedGrailsProcess.startProjectWatcher(ForkedGrailsProcess.groovy:748)
	at sun.reflect.NativeMethodAccessorImpl.invoke0(Native Method)
	at sun.reflect.NativeMethodAccessorImpl.invoke(NativeMethodAccessorImpl.java:62)
	at sun.reflect.DelegatingMethodAccessorImpl.invoke(DelegatingMethodAccessorImpl.java:43)
	at java.lang.reflect.Method.invoke(Method.java:498)
	at org.springsource.loaded.ri.ReflectiveInterceptor.jlrMethodInvoke(ReflectiveInterceptor.java:1426)
	at org.codehaus.groovy.reflection.CachedMethod.invoke(CachedMethod.java:93)
	at groovy.lang.MetaMethod.doMethodInvoke(MetaMethod.java:325)
	at groovy.lang.MetaClassImpl.invokeMethod(MetaClassImpl.java:1218)
	at groovy.lang.MetaClassImpl.invokeMethod(MetaClassImpl.java:1027)
	at groovy.lang.MetaClassImpl.invokeMethod(MetaClassImpl.java:1163)
	at groovy.lang.ExpandoMetaClass.invokeMethod(ExpandoMetaClass.java:1125)
	at groovy.lang.MetaClassImpl.invokeMethod(MetaClassImpl.java:1027)
	at org.codehaus.groovy.runtime.callsite.PogoMetaClassSite.callCurrent(PogoMetaClassSite.java:69)
	at org.codehaus.groovy.runtime.callsite.CallSiteArray.defaultCallCurrent(CallSiteArray.java:52)
	at org.codehaus.groovy.runtime.callsite.AbstractCallSite.callCurrent(AbstractCallSite.java:154)
	at org.codehaus.groovy.runtime.callsite.AbstractCallSite.callCurrent(AbstractCallSite.java:174)
	at org.codehaus.groovy.grails.cli.fork.ForkedGrailsProcess$_setupReloading_closure17.doCall(ForkedGrailsProcess.groovy:737)
	at org.codehaus.groovy.grails.cli.fork.ForkedGrailsProcess$_setupReloading_closure17.doCall(ForkedGrailsProcess.groovy)
	at sun.reflect.NativeMethodAccessorImpl.invoke0(Native Method)
	at sun.reflect.NativeMethodAccessorImpl.invoke(NativeMethodAccessorImpl.java:62)
	at sun.reflect.DelegatingMethodAccessorImpl.invoke(DelegatingMethodAccessorImpl.java:43)
	at java.lang.reflect.Method.invoke(Method.java:498)
	at org.springsource.loaded.ri.ReflectiveInterceptor.jlrMethodInvoke(ReflectiveInterceptor.java:1426)
	at org.codehaus.groovy.reflection.CachedMethod.invoke(CachedMethod.java:93)
	at groovy.lang.MetaMethod.doMethodInvoke(MetaMethod.java:325)
	at groovy.lang.MetaClassImpl.invokeMethod(MetaClassImpl.java:1218)
	at groovy.lang.ExpandoMetaClass.invokeMethod(ExpandoMetaClass.java:1125)
	at groovy.lang.MetaClassImpl.invokeMethod(MetaClassImpl.java:1027)
	at groovy.lang.Closure.call(Closure.java:414)
	at groovy.lang.Closure.call(Closure.java:408)
	at groovy.lang.Closure.run(Closure.java:495)
	at java.lang.Thread.run(Thread.java:748)
2023-11-30 16:59:34,643 [http-bio-8080-exec-14] ERROR StackTrace  - Full Stack Trace:
org.codehaus.groovy.control.MultipleCompilationErrorsException: startup failed:
/home/sofs4/Projects/TekDays.com/grails-app/conf/BootStrap.groovy: 4: unable to resolve class TekEvent 
 @ line 4, column 22.
           def event1 = new TekEvent(name: 'Gateway Code Camp',
                        ^

/home/sofs4/Projects/TekDays.com/grails-app/conf/BootStrap.groovy: 16: unable to resolve class TekEvent 
 @ line 16, column 22.
           def event2 = new TekEvent(name: 'Perl Before Swine',
                        ^

2 errors

	at org.codehaus.groovy.control.ErrorCollector.failIfErrors(ErrorCollector.java:310)
	at org.codehaus.groovy.control.CompilationUnit.applyToSourceUnits(CompilationUnit.java:958)
	at org.codehaus.groovy.control.CompilationUnit.doPhaseOperation(CompilationUnit.java:605)
	at org.codehaus.groovy.control.CompilationUnit.compile(CompilationUnit.java:554)
	at org.codehaus.groovy.control.CompilationUnit.compile(CompilationUnit.java:537)
	at org.codehaus.groovy.tools.FileSystemCompiler.compile(FileSystemCompiler.java:61)
	at org.codehaus.groovy.tools.FileSystemCompiler.doCompilation(FileSystemCompiler.java:217)
	at org.codehaus.groovy.ant.Groovyc.runCompiler(Groovyc.java:1165)
	at org.codehaus.groovy.ant.Groovyc.compile(Groovyc.java:1216)
	at org.codehaus.groovy.ant.Groovyc.execute(Groovyc.java:831)
	at org.apache.tools.ant.UnknownElement.execute(UnknownElement.java:292)
	at org.apache.tools.ant.dispatch.DispatchUtils.execute(DispatchUtils.java:106)
	at java.lang.Thread.run(Thread.java:748)
2023-11-30 16:59:34,645 [http-bio-8080-exec-14] ERROR StackTrace  - Full Stack Trace:
org.codehaus.groovy.control.MultipleCompilationErrorsException: startup failed:
/home/sofs4/Projects/TekDays.com/grails-app/conf/BootStrap.groovy: 4: unable to resolve class TekEvent 
 @ line 4, column 22.
           def event1 = new TekEvent(name: 'Gateway Code Camp',
                        ^

/home/sofs4/Projects/TekDays.com/grails-app/conf/BootStrap.groovy: 16: unable to resolve class TekEvent 
 @ line 16, column 22.
           def event2 = new TekEvent(name: 'Perl Before Swine',
                        ^

2 errors

	at org.codehaus.groovy.control.ErrorCollector.failIfErrors(ErrorCollector.java:310)
	at org.codehaus.groovy.control.CompilationUnit.applyToSourceUnits(CompilationUnit.java:958)
	at org.codehaus.groovy.control.CompilationUnit.doPhaseOperation(CompilationUnit.java:605)
	at org.codehaus.groovy.control.CompilationUnit.compile(CompilationUnit.java:554)
	at org.codehaus.groovy.control.CompilationUnit.compile(CompilationUnit.java:537)
	at org.codehaus.groovy.tools.FileSystemCompiler.compile(FileSystemCompiler.java:61)
	at org.codehaus.groovy.tools.FileSystemCompiler.doCompilation(FileSystemCompiler.java:217)
	at org.codehaus.groovy.ant.Groovyc.runCompiler(Groovyc.java:1165)
	at org.codehaus.groovy.ant.Groovyc.compile(Groovyc.java:1216)
	at org.codehaus.groovy.ant.Groovyc.execute(Groovyc.java:831)
	at org.apache.tools.ant.UnknownElement.execute(UnknownElement.java:292)
	at org.apache.tools.ant.dispatch.DispatchUtils.execute(DispatchUtils.java:106)
	at java.lang.Thread.run(Thread.java:748)
2023-11-30 16:59:34,645 [http-bio-8080-exec-14] ERROR StackTrace  - Full Stack Trace:
org.codehaus.groovy.control.MultipleCompilationErrorsException: startup failed:
/home/sofs4/Projects/TekDays.com/grails-app/conf/BootStrap.groovy: 4: unable to resolve class TekEvent 
 @ line 4, column 22.
           def event1 = new TekEvent(name: 'Gateway Code Camp',
                        ^

/home/sofs4/Projects/TekDays.com/grails-app/conf/BootStrap.groovy: 16: unable to resolve class TekEvent 
 @ line 16, column 22.
           def event2 = new TekEvent(name: 'Perl Before Swine',
                        ^

2 errors

	at org.codehaus.groovy.control.ErrorCollector.failIfErrors(ErrorCollector.java:310)
	at org.codehaus.groovy.control.CompilationUnit.applyToSourceUnits(CompilationUnit.java:958)
	at org.codehaus.groovy.control.CompilationUnit.doPhaseOperation(CompilationUnit.java:605)
	at org.codehaus.groovy.control.CompilationUnit.compile(CompilationUnit.java:554)
	at org.codehaus.groovy.control.CompilationUnit.compile(CompilationUnit.java:537)
	at org.codehaus.groovy.tools.FileSystemCompiler.compile(FileSystemCompiler.java:61)
	at org.codehaus.groovy.tools.FileSystemCompiler.doCompilation(FileSystemCompiler.java:217)
	at org.codehaus.groovy.ant.Groovyc.runCompiler(Groovyc.java:1165)
	at org.codehaus.groovy.ant.Groovyc.compile(Groovyc.java:1216)
	at org.codehaus.groovy.ant.Groovyc.execute(Groovyc.java:831)
	at org.apache.tools.ant.UnknownElement.execute(UnknownElement.java:292)
	at org.apache.tools.ant.dispatch.DispatchUtils.execute(DispatchUtils.java:106)
	at java.lang.Thread.run(Thread.java:748)
2023-11-30 17:00:53,930 [http-bio-8080-exec-16] ERROR StackTrace  - Full Stack Trace:
org.codehaus.groovy.control.MultipleCompilationErrorsException: startup failed:
/home/sofs4/Projects/TekDays.com/grails-app/conf/BootStrap.groovy: 4: unable to resolve class TekEvent 
 @ line 4, column 22.
           def event1 = new TekEvent(name: 'Gateway Code Camp',
                        ^

/home/sofs4/Projects/TekDays.com/grails-app/conf/BootStrap.groovy: 16: unable to resolve class TekEvent 
 @ line 16, column 22.
           def event2 = new TekEvent(name: 'Perl Before Swine',
                        ^

2 errors

	at org.codehaus.groovy.control.ErrorCollector.failIfErrors(ErrorCollector.java:310)
	at org.codehaus.groovy.control.CompilationUnit.applyToSourceUnits(CompilationUnit.java:958)
	at org.codehaus.groovy.control.CompilationUnit.doPhaseOperation(CompilationUnit.java:605)
	at org.codehaus.groovy.control.CompilationUnit.compile(CompilationUnit.java:554)
	at org.codehaus.groovy.control.CompilationUnit.compile(CompilationUnit.java:537)
	at org.codehaus.groovy.tools.FileSystemCompiler.compile(FileSystemCompiler.java:61)
	at org.codehaus.groovy.tools.FileSystemCompiler.doCompilation(FileSystemCompiler.java:217)
	at org.codehaus.groovy.ant.Groovyc.runCompiler(Groovyc.java:1165)
	at org.codehaus.groovy.ant.Groovyc.compile(Groovyc.java:1216)
	at org.codehaus.groovy.ant.Groovyc.execute(Groovyc.java:831)
	at org.apache.tools.ant.UnknownElement.execute(UnknownElement.java:292)
	at org.apache.tools.ant.dispatch.DispatchUtils.execute(DispatchUtils.java:106)
	at java.lang.Thread.run(Thread.java:748)
2023-11-30 17:00:53,930 [http-bio-8080-exec-16] ERROR StackTrace  - Full Stack Trace:
org.codehaus.groovy.control.MultipleCompilationErrorsException: startup failed:
/home/sofs4/Projects/TekDays.com/grails-app/conf/BootStrap.groovy: 4: unable to resolve class TekEvent 
 @ line 4, column 22.
           def event1 = new TekEvent(name: 'Gateway Code Camp',
                        ^

/home/sofs4/Projects/TekDays.com/grails-app/conf/BootStrap.groovy: 16: unable to resolve class TekEvent 
 @ line 16, column 22.
           def event2 = new TekEvent(name: 'Perl Before Swine',
                        ^

2 errors

	at org.codehaus.groovy.control.ErrorCollector.failIfErrors(ErrorCollector.java:310)
	at org.codehaus.groovy.control.CompilationUnit.applyToSourceUnits(CompilationUnit.java:958)
	at org.codehaus.groovy.control.CompilationUnit.doPhaseOperation(CompilationUnit.java:605)
	at org.codehaus.groovy.control.CompilationUnit.compile(CompilationUnit.java:554)
	at org.codehaus.groovy.control.CompilationUnit.compile(CompilationUnit.java:537)
	at org.codehaus.groovy.tools.FileSystemCompiler.compile(FileSystemCompiler.java:61)
	at org.codehaus.groovy.tools.FileSystemCompiler.doCompilation(FileSystemCompiler.java:217)
	at org.codehaus.groovy.ant.Groovyc.runCompiler(Groovyc.java:1165)
	at org.codehaus.groovy.ant.Groovyc.compile(Groovyc.java:1216)
	at org.codehaus.groovy.ant.Groovyc.execute(Groovyc.java:831)
	at org.apache.tools.ant.UnknownElement.execute(UnknownElement.java:292)
	at org.apache.tools.ant.dispatch.DispatchUtils.execute(DispatchUtils.java:106)
	at java.lang.Thread.run(Thread.java:748)
2023-11-30 17:00:53,931 [http-bio-8080-exec-16] ERROR StackTrace  - Full Stack Trace:
org.codehaus.groovy.control.MultipleCompilationErrorsException: startup failed:
/home/sofs4/Projects/TekDays.com/grails-app/conf/BootStrap.groovy: 4: unable to resolve class TekEvent 
 @ line 4, column 22.
           def event1 = new TekEvent(name: 'Gateway Code Camp',
                        ^

/home/sofs4/Projects/TekDays.com/grails-app/conf/BootStrap.groovy: 16: unable to resolve class TekEvent 
 @ line 16, column 22.
           def event2 = new TekEvent(name: 'Perl Before Swine',
                        ^

2 errors

	at org.codehaus.groovy.control.ErrorCollector.failIfErrors(ErrorCollector.java:310)
	at org.codehaus.groovy.control.CompilationUnit.applyToSourceUnits(CompilationUnit.java:958)
	at org.codehaus.groovy.control.CompilationUnit.doPhaseOperation(CompilationUnit.java:605)
	at org.codehaus.groovy.control.CompilationUnit.compile(CompilationUnit.java:554)
	at org.codehaus.groovy.control.CompilationUnit.compile(CompilationUnit.java:537)
	at org.codehaus.groovy.tools.FileSystemCompiler.compile(FileSystemCompiler.java:61)
	at org.codehaus.groovy.tools.FileSystemCompiler.doCompilation(FileSystemCompiler.java:217)
	at org.codehaus.groovy.ant.Groovyc.runCompiler(Groovyc.java:1165)
	at org.codehaus.groovy.ant.Groovyc.compile(Groovyc.java:1216)
	at org.codehaus.groovy.ant.Groovyc.execute(Groovyc.java:831)
	at org.apache.tools.ant.UnknownElement.execute(UnknownElement.java:292)
	at org.apache.tools.ant.dispatch.DispatchUtils.execute(DispatchUtils.java:106)
	at java.lang.Thread.run(Thread.java:748)
2023-11-30 17:00:53,932 [http-bio-8080-exec-16] ERROR StackTrace  - Full Stack Trace:
org.codehaus.groovy.control.MultipleCompilationErrorsException: startup failed:
/home/sofs4/Projects/TekDays.com/grails-app/conf/BootStrap.groovy: 4: unable to resolve class TekEvent 
 @ line 4, column 22.
           def event1 = new TekEvent(name: 'Gateway Code Camp',
                        ^

/home/sofs4/Projects/TekDays.com/grails-app/conf/BootStrap.groovy: 16: unable to resolve class TekEvent 
 @ line 16, column 22.
           def event2 = new TekEvent(name: 'Perl Before Swine',
                        ^

2 errors

	at org.codehaus.groovy.control.ErrorCollector.failIfErrors(ErrorCollector.java:310)
	at org.codehaus.groovy.control.CompilationUnit.applyToSourceUnits(CompilationUnit.java:958)
	at org.codehaus.groovy.control.CompilationUnit.doPhaseOperation(CompilationUnit.java:605)
	at org.codehaus.groovy.control.CompilationUnit.compile(CompilationUnit.java:554)
	at org.codehaus.groovy.control.CompilationUnit.compile(CompilationUnit.java:537)
	at org.codehaus.groovy.tools.FileSystemCompiler.compile(FileSystemCompiler.java:61)
	at org.codehaus.groovy.tools.FileSystemCompiler.doCompilation(FileSystemCompiler.java:217)
	at org.codehaus.groovy.ant.Groovyc.runCompiler(Groovyc.java:1165)
	at org.codehaus.groovy.ant.Groovyc.compile(Groovyc.java:1216)
	at org.codehaus.groovy.ant.Groovyc.execute(Groovyc.java:831)
	at org.apache.tools.ant.UnknownElement.execute(UnknownElement.java:292)
	at org.apache.tools.ant.dispatch.DispatchUtils.execute(DispatchUtils.java:106)
	at java.lang.Thread.run(Thread.java:748)
2023-11-30 17:01:57,750 [http-bio-8080-exec-13] ERROR StackTrace  - Full Stack Trace:
org.codehaus.groovy.control.MultipleCompilationErrorsException: startup failed:
/home/sofs4/Projects/TekDays.com/grails-app/conf/BootStrap.groovy: 4: unable to resolve class TekEvent 
 @ line 4, column 22.
           def event1 = new TekEvent(name: 'Gateway Code Camp',
                        ^

/home/sofs4/Projects/TekDays.com/grails-app/conf/BootStrap.groovy: 16: unable to resolve class TekEvent 
 @ line 16, column 22.
           def event2 = new TekEvent(name: 'Perl Before Swine',
                        ^

2 errors

	at org.codehaus.groovy.control.ErrorCollector.failIfErrors(ErrorCollector.java:310)
	at org.codehaus.groovy.control.CompilationUnit.applyToSourceUnits(CompilationUnit.java:958)
	at org.codehaus.groovy.control.CompilationUnit.doPhaseOperation(CompilationUnit.java:605)
	at org.codehaus.groovy.control.CompilationUnit.compile(CompilationUnit.java:554)
	at org.codehaus.groovy.control.CompilationUnit.compile(CompilationUnit.java:537)
	at org.codehaus.groovy.tools.FileSystemCompiler.compile(FileSystemCompiler.java:61)
	at org.codehaus.groovy.tools.FileSystemCompiler.doCompilation(FileSystemCompiler.java:217)
	at org.codehaus.groovy.ant.Groovyc.runCompiler(Groovyc.java:1165)
	at org.codehaus.groovy.ant.Groovyc.compile(Groovyc.java:1216)
	at org.codehaus.groovy.ant.Groovyc.execute(Groovyc.java:831)
	at org.apache.tools.ant.UnknownElement.execute(UnknownElement.java:292)
	at org.apache.tools.ant.dispatch.DispatchUtils.execute(DispatchUtils.java:106)
	at java.lang.Thread.run(Thread.java:748)
2023-11-30 17:01:57,750 [http-bio-8080-exec-13] ERROR StackTrace  - Full Stack Trace:
org.codehaus.groovy.control.MultipleCompilationErrorsException: startup failed:
/home/sofs4/Projects/TekDays.com/grails-app/conf/BootStrap.groovy: 4: unable to resolve class TekEvent 
 @ line 4, column 22.
           def event1 = new TekEvent(name: 'Gateway Code Camp',
                        ^

/home/sofs4/Projects/TekDays.com/grails-app/conf/BootStrap.groovy: 16: unable to resolve class TekEvent 
 @ line 16, column 22.
           def event2 = new TekEvent(name: 'Perl Before Swine',
                        ^

2 errors

	at org.codehaus.groovy.control.ErrorCollector.failIfErrors(ErrorCollector.java:310)
	at org.codehaus.groovy.control.CompilationUnit.applyToSourceUnits(CompilationUnit.java:958)
	at org.codehaus.groovy.control.CompilationUnit.doPhaseOperation(CompilationUnit.java:605)
	at org.codehaus.groovy.control.CompilationUnit.compile(CompilationUnit.java:554)
	at org.codehaus.groovy.control.CompilationUnit.compile(CompilationUnit.java:537)
	at org.codehaus.groovy.tools.FileSystemCompiler.compile(FileSystemCompiler.java:61)
	at org.codehaus.groovy.tools.FileSystemCompiler.doCompilation(FileSystemCompiler.java:217)
	at org.codehaus.groovy.ant.Groovyc.runCompiler(Groovyc.java:1165)
	at org.codehaus.groovy.ant.Groovyc.compile(Groovyc.java:1216)
	at org.codehaus.groovy.ant.Groovyc.execute(Groovyc.java:831)
	at org.apache.tools.ant.UnknownElement.execute(UnknownElement.java:292)
	at org.apache.tools.ant.dispatch.DispatchUtils.execute(DispatchUtils.java:106)
	at java.lang.Thread.run(Thread.java:748)
2023-11-30 17:01:57,751 [http-bio-8080-exec-13] ERROR StackTrace  - Full Stack Trace:
org.codehaus.groovy.control.MultipleCompilationErrorsException: startup failed:
/home/sofs4/Projects/TekDays.com/grails-app/conf/BootStrap.groovy: 4: unable to resolve class TekEvent 
 @ line 4, column 22.
           def event1 = new TekEvent(name: 'Gateway Code Camp',
                        ^

/home/sofs4/Projects/TekDays.com/grails-app/conf/BootStrap.groovy: 16: unable to resolve class TekEvent 
 @ line 16, column 22.
           def event2 = new TekEvent(name: 'Perl Before Swine',
                        ^

2 errors

	at org.codehaus.groovy.control.ErrorCollector.failIfErrors(ErrorCollector.java:310)
	at org.codehaus.groovy.control.CompilationUnit.applyToSourceUnits(CompilationUnit.java:958)
	at org.codehaus.groovy.control.CompilationUnit.doPhaseOperation(CompilationUnit.java:605)
	at org.codehaus.groovy.control.CompilationUnit.compile(CompilationUnit.java:554)
	at org.codehaus.groovy.control.CompilationUnit.compile(CompilationUnit.java:537)
	at org.codehaus.groovy.tools.FileSystemCompiler.compile(FileSystemCompiler.java:61)
	at org.codehaus.groovy.tools.FileSystemCompiler.doCompilation(FileSystemCompiler.java:217)
	at org.codehaus.groovy.ant.Groovyc.runCompiler(Groovyc.java:1165)
	at org.codehaus.groovy.ant.Groovyc.compile(Groovyc.java:1216)
	at org.codehaus.groovy.ant.Groovyc.execute(Groovyc.java:831)
	at org.apache.tools.ant.UnknownElement.execute(UnknownElement.java:292)
	at org.apache.tools.ant.dispatch.DispatchUtils.execute(DispatchUtils.java:106)
	at java.lang.Thread.run(Thread.java:748)
2023-11-30 17:01:57,752 [http-bio-8080-exec-13] ERROR StackTrace  - Full Stack Trace:
org.codehaus.groovy.control.MultipleCompilationErrorsException: startup failed:
/home/sofs4/Projects/TekDays.com/grails-app/conf/BootStrap.groovy: 4: unable to resolve class TekEvent 
 @ line 4, column 22.
           def event1 = new TekEvent(name: 'Gateway Code Camp',
                        ^

/home/sofs4/Projects/TekDays.com/grails-app/conf/BootStrap.groovy: 16: unable to resolve class TekEvent 
 @ line 16, column 22.
           def event2 = new TekEvent(name: 'Perl Before Swine',
                        ^

2 errors

	at org.codehaus.groovy.control.ErrorCollector.failIfErrors(ErrorCollector.java:310)
	at org.codehaus.groovy.control.CompilationUnit.applyToSourceUnits(CompilationUnit.java:958)
	at org.codehaus.groovy.control.CompilationUnit.doPhaseOperation(CompilationUnit.java:605)
	at org.codehaus.groovy.control.CompilationUnit.compile(CompilationUnit.java:554)
	at org.codehaus.groovy.control.CompilationUnit.compile(CompilationUnit.java:537)
	at org.codehaus.groovy.tools.FileSystemCompiler.compile(FileSystemCompiler.java:61)
	at org.codehaus.groovy.tools.FileSystemCompiler.doCompilation(FileSystemCompiler.java:217)
	at org.codehaus.groovy.ant.Groovyc.runCompiler(Groovyc.java:1165)
	at org.codehaus.groovy.ant.Groovyc.compile(Groovyc.java:1216)
	at org.codehaus.groovy.ant.Groovyc.execute(Groovyc.java:831)
	at org.apache.tools.ant.UnknownElement.execute(UnknownElement.java:292)
	at org.apache.tools.ant.dispatch.DispatchUtils.execute(DispatchUtils.java:106)
	at java.lang.Thread.run(Thread.java:748)
2023-11-30 17:03:01,033 [http-bio-8080-exec-12] ERROR StackTrace  - Full Stack Trace:
org.codehaus.groovy.control.MultipleCompilationErrorsException: startup failed:
/home/sofs4/Projects/TekDays.com/grails-app/conf/BootStrap.groovy: 4: unable to resolve class TekEvent 
 @ line 4, column 22.
           def event1 = new TekEvent(name: 'Gateway Code Camp',
                        ^

/home/sofs4/Projects/TekDays.com/grails-app/conf/BootStrap.groovy: 16: unable to resolve class TekEvent 
 @ line 16, column 22.
           def event2 = new TekEvent(name: 'Perl Before Swine',
                        ^

2 errors

	at org.codehaus.groovy.control.ErrorCollector.failIfErrors(ErrorCollector.java:310)
	at org.codehaus.groovy.control.CompilationUnit.applyToSourceUnits(CompilationUnit.java:958)
	at org.codehaus.groovy.control.CompilationUnit.doPhaseOperation(CompilationUnit.java:605)
	at org.codehaus.groovy.control.CompilationUnit.compile(CompilationUnit.java:554)
	at org.codehaus.groovy.control.CompilationUnit.compile(CompilationUnit.java:537)
	at org.codehaus.groovy.tools.FileSystemCompiler.compile(FileSystemCompiler.java:61)
	at org.codehaus.groovy.tools.FileSystemCompiler.doCompilation(FileSystemCompiler.java:217)
	at org.codehaus.groovy.ant.Groovyc.runCompiler(Groovyc.java:1165)
	at org.codehaus.groovy.ant.Groovyc.compile(Groovyc.java:1216)
	at org.codehaus.groovy.grails.compiler.Grailsc.compile(Grailsc.java:78)
	at org.codehaus.groovy.ant.Groovyc.execute(Groovyc.java:831)
	at org.apache.tools.ant.UnknownElement.execute(UnknownElement.java:292)
	at sun.reflect.GeneratedMethodAccessor305.invoke(Unknown Source)
	at sun.reflect.DelegatingMethodAccessorImpl.invoke(DelegatingMethodAccessorImpl.java:43)
	at java.lang.reflect.Method.invoke(Method.java:498)
	at org.springsource.loaded.ri.ReflectiveInterceptor.jlrMethodInvoke(ReflectiveInterceptor.java:1432)
	at org.apache.tools.ant.dispatch.DispatchUtils.execute(DispatchUtils.java:106)
	at groovy.util.AntBuilder.performTask(AntBuilder.java:327)
	at groovy.util.AntBuilder.nodeCompleted(AntBuilder.java:272)
	at groovy.util.BuilderSupport.doInvokeMethod(BuilderSupport.java:154)
	at groovy.util.AntBuilder.doInvokeMethod(AntBuilder.java:207)
	at groovy.util.BuilderSupport.invokeMethod(BuilderSupport.java:67)
	at org.codehaus.groovy.runtime.callsite.PogoMetaClassSite.call(PogoMetaClassSite.java:48)
	at org.codehaus.groovy.runtime.callsite.AbstractCallSite.call(AbstractCallSite.java:133)
	at org.codehaus.groovy.grails.project.compiler.GrailsProjectCompiler.compile(GrailsProjectCompiler.groovy:300)
	at org.codehaus.groovy.grails.project.compiler.GrailsProjectCompiler$compile$1.callCurrent(Unknown Source)
	at org.codehaus.groovy.grails.project.compiler.GrailsProjectCompiler.compile(GrailsProjectCompiler.groovy:265)
	at org.codehaus.groovy.grails.project.compiler.GrailsProjectCompiler.compileAll(GrailsProjectCompiler.groovy:256)
	at org.codehaus.groovy.grails.project.compiler.GrailsProjectWatcher.compileIfSource(GrailsProjectWatcher.java:262)
	at org.codehaus.groovy.grails.project.compiler.GrailsProjectWatcher.access$300(GrailsProjectWatcher.java:48)
	at org.codehaus.groovy.grails.project.compiler.GrailsProjectWatcher$1.onChange(GrailsProjectWatcher.java:136)
	at org.codehaus.groovy.grails.compiler.AbstractDirectoryWatcher.fireOnChange(AbstractDirectoryWatcher.java:70)
	at org.codehaus.groovy.grails.compiler.WatchServiceDirectoryWatcher.run(WatchServiceDirectoryWatcher.java:106)
	at org.codehaus.groovy.grails.compiler.DirectoryWatcher.run(DirectoryWatcher.java:154)
	at org.codehaus.groovy.grails.project.compiler.GrailsProjectWatcher.run(GrailsProjectWatcher.java:161)
	at java_lang_Runnable$run.call(Unknown Source)
	at org.codehaus.groovy.runtime.callsite.CallSiteArray.defaultCall(CallSiteArray.java:48)
	at org.codehaus.groovy.runtime.callsite.AbstractCallSite.call(AbstractCallSite.java:113)
	at org.codehaus.groovy.runtime.callsite.AbstractCallSite.call(AbstractCallSite.java:117)
	at org.codehaus.groovy.grails.cli.fork.ForkedGrailsProcess.startProjectWatcher(ForkedGrailsProcess.groovy:748)
	at sun.reflect.NativeMethodAccessorImpl.invoke0(Native Method)
	at sun.reflect.NativeMethodAccessorImpl.invoke(NativeMethodAccessorImpl.java:62)
	at sun.reflect.DelegatingMethodAccessorImpl.invoke(DelegatingMethodAccessorImpl.java:43)
	at java.lang.reflect.Method.invoke(Method.java:498)
	at org.springsource.loaded.ri.ReflectiveInterceptor.jlrMethodInvoke(ReflectiveInterceptor.java:1426)
	at org.codehaus.groovy.reflection.CachedMethod.invoke(CachedMethod.java:93)
	at groovy.lang.MetaMethod.doMethodInvoke(MetaMethod.java:325)
	at groovy.lang.MetaClassImpl.invokeMethod(MetaClassImpl.java:1218)
	at groovy.lang.MetaClassImpl.invokeMethod(MetaClassImpl.java:1027)
	at groovy.lang.MetaClassImpl.invokeMethod(MetaClassImpl.java:1163)
	at groovy.lang.ExpandoMetaClass.invokeMethod(ExpandoMetaClass.java:1125)
	at groovy.lang.MetaClassImpl.invokeMethod(MetaClassImpl.java:1027)
	at org.codehaus.groovy.runtime.callsite.PogoMetaClassSite.callCurrent(PogoMetaClassSite.java:69)
	at org.codehaus.groovy.runtime.callsite.CallSiteArray.defaultCallCurrent(CallSiteArray.java:52)
	at org.codehaus.groovy.runtime.callsite.AbstractCallSite.callCurrent(AbstractCallSite.java:154)
	at org.codehaus.groovy.runtime.callsite.AbstractCallSite.callCurrent(AbstractCallSite.java:174)
	at org.codehaus.groovy.grails.cli.fork.ForkedGrailsProcess$_setupReloading_closure17.doCall(ForkedGrailsProcess.groovy:737)
	at org.codehaus.groovy.grails.cli.fork.ForkedGrailsProcess$_setupReloading_closure17.doCall(ForkedGrailsProcess.groovy)
	at sun.reflect.NativeMethodAccessorImpl.invoke0(Native Method)
	at sun.reflect.NativeMethodAccessorImpl.invoke(NativeMethodAccessorImpl.java:62)
	at sun.reflect.DelegatingMethodAccessorImpl.invoke(DelegatingMethodAccessorImpl.java:43)
	at java.lang.reflect.Method.invoke(Method.java:498)
	at org.springsource.loaded.ri.ReflectiveInterceptor.jlrMethodInvoke(ReflectiveInterceptor.java:1426)
	at org.codehaus.groovy.reflection.CachedMethod.invoke(CachedMethod.java:93)
	at groovy.lang.MetaMethod.doMethodInvoke(MetaMethod.java:325)
	at groovy.lang.MetaClassImpl.invokeMethod(MetaClassImpl.java:1218)
	at groovy.lang.ExpandoMetaClass.invokeMethod(ExpandoMetaClass.java:1125)
	at groovy.lang.MetaClassImpl.invokeMethod(MetaClassImpl.java:1027)
	at groovy.lang.Closure.call(Closure.java:414)
	at groovy.lang.Closure.call(Closure.java:408)
	at groovy.lang.Closure.run(Closure.java:495)
	at java.lang.Thread.run(Thread.java:748)
2023-11-30 17:03:01,033 [http-bio-8080-exec-12] ERROR StackTrace  - Full Stack Trace:
org.codehaus.groovy.control.MultipleCompilationErrorsException: startup failed:
/home/sofs4/Projects/TekDays.com/grails-app/conf/BootStrap.groovy: 4: unable to resolve class TekEvent 
 @ line 4, column 22.
           def event1 = new TekEvent(name: 'Gateway Code Camp',
                        ^

/home/sofs4/Projects/TekDays.com/grails-app/conf/BootStrap.groovy: 16: unable to resolve class TekEvent 
 @ line 16, column 22.
           def event2 = new TekEvent(name: 'Perl Before Swine',
                        ^

2 errors

	at org.codehaus.groovy.control.ErrorCollector.failIfErrors(ErrorCollector.java:310)
	at org.codehaus.groovy.control.CompilationUnit.applyToSourceUnits(CompilationUnit.java:958)
	at org.codehaus.groovy.control.CompilationUnit.doPhaseOperation(CompilationUnit.java:605)
	at org.codehaus.groovy.control.CompilationUnit.compile(CompilationUnit.java:554)
	at org.codehaus.groovy.control.CompilationUnit.compile(CompilationUnit.java:537)
	at org.codehaus.groovy.tools.FileSystemCompiler.compile(FileSystemCompiler.java:61)
	at org.codehaus.groovy.tools.FileSystemCompiler.doCompilation(FileSystemCompiler.java:217)
	at org.codehaus.groovy.ant.Groovyc.runCompiler(Groovyc.java:1165)
	at org.codehaus.groovy.ant.Groovyc.compile(Groovyc.java:1216)
	at org.codehaus.groovy.ant.Groovyc.execute(Groovyc.java:831)
	at org.apache.tools.ant.UnknownElement.execute(UnknownElement.java:292)
	at org.apache.tools.ant.dispatch.DispatchUtils.execute(DispatchUtils.java:106)
	at java.lang.Thread.run(Thread.java:748)
2023-11-30 17:03:01,035 [http-bio-8080-exec-12] ERROR StackTrace  - Full Stack Trace:
org.codehaus.groovy.control.MultipleCompilationErrorsException: startup failed:
/home/sofs4/Projects/TekDays.com/grails-app/conf/BootStrap.groovy: 4: unable to resolve class TekEvent 
 @ line 4, column 22.
           def event1 = new TekEvent(name: 'Gateway Code Camp',
                        ^

/home/sofs4/Projects/TekDays.com/grails-app/conf/BootStrap.groovy: 16: unable to resolve class TekEvent 
 @ line 16, column 22.
           def event2 = new TekEvent(name: 'Perl Before Swine',
                        ^

2 errors

	at org.codehaus.groovy.control.ErrorCollector.failIfErrors(ErrorCollector.java:310)
	at org.codehaus.groovy.control.CompilationUnit.applyToSourceUnits(CompilationUnit.java:958)
	at org.codehaus.groovy.control.CompilationUnit.doPhaseOperation(CompilationUnit.java:605)
	at org.codehaus.groovy.control.CompilationUnit.compile(CompilationUnit.java:554)
	at org.codehaus.groovy.control.CompilationUnit.compile(CompilationUnit.java:537)
	at org.codehaus.groovy.tools.FileSystemCompiler.compile(FileSystemCompiler.java:61)
	at org.codehaus.groovy.tools.FileSystemCompiler.doCompilation(FileSystemCompiler.java:217)
	at org.codehaus.groovy.ant.Groovyc.runCompiler(Groovyc.java:1165)
	at org.codehaus.groovy.ant.Groovyc.compile(Groovyc.java:1216)
	at org.codehaus.groovy.ant.Groovyc.execute(Groovyc.java:831)
	at org.apache.tools.ant.UnknownElement.execute(UnknownElement.java:292)
	at org.apache.tools.ant.dispatch.DispatchUtils.execute(DispatchUtils.java:106)
	at java.lang.Thread.run(Thread.java:748)
2023-11-30 17:03:01,035 [http-bio-8080-exec-12] ERROR StackTrace  - Full Stack Trace:
org.codehaus.groovy.control.MultipleCompilationErrorsException: startup failed:
/home/sofs4/Projects/TekDays.com/grails-app/conf/BootStrap.groovy: 4: unable to resolve class TekEvent 
 @ line 4, column 22.
           def event1 = new TekEvent(name: 'Gateway Code Camp',
                        ^

/home/sofs4/Projects/TekDays.com/grails-app/conf/BootStrap.groovy: 16: unable to resolve class TekEvent 
 @ line 16, column 22.
           def event2 = new TekEvent(name: 'Perl Before Swine',
                        ^

2 errors

	at org.codehaus.groovy.control.ErrorCollector.failIfErrors(ErrorCollector.java:310)
	at org.codehaus.groovy.control.CompilationUnit.applyToSourceUnits(CompilationUnit.java:958)
	at org.codehaus.groovy.control.CompilationUnit.doPhaseOperation(CompilationUnit.java:605)
	at org.codehaus.groovy.control.CompilationUnit.compile(CompilationUnit.java:554)
	at org.codehaus.groovy.control.CompilationUnit.compile(CompilationUnit.java:537)
	at org.codehaus.groovy.tools.FileSystemCompiler.compile(FileSystemCompiler.java:61)
	at org.codehaus.groovy.tools.FileSystemCompiler.doCompilation(FileSystemCompiler.java:217)
	at org.codehaus.groovy.ant.Groovyc.runCompiler(Groovyc.java:1165)
	at org.codehaus.groovy.ant.Groovyc.compile(Groovyc.java:1216)
	at org.codehaus.groovy.ant.Groovyc.execute(Groovyc.java:831)
	at org.apache.tools.ant.UnknownElement.execute(UnknownElement.java:292)
	at org.apache.tools.ant.dispatch.DispatchUtils.execute(DispatchUtils.java:106)
	at java.lang.Thread.run(Thread.java:748)
